{"/home/travis/build/npmtest/node-npmtest-semver/test.js":{"path":"/home/travis/build/npmtest/node-npmtest-semver/test.js","s":{"1":2,"2":2,"3":2,"4":2,"5":2,"6":2,"7":2,"8":1,"9":2,"10":2,"11":1,"12":1,"13":1,"14":1,"15":2,"16":2,"17":2,"18":2,"19":1,"20":1,"21":2,"22":2,"23":2,"24":1,"25":1,"26":1,"27":1,"28":1,"29":1,"30":1,"31":1,"32":1,"33":1,"34":1,"35":1,"36":1,"37":2,"38":2,"39":1,"40":2,"41":2,"42":1,"43":2,"44":2,"45":1,"46":2,"47":2,"48":1,"49":1,"50":1,"51":1,"52":1},"b":{"1":[2,1,1,1],"2":[1,1,1,1],"3":[1,1],"4":[1,1],"5":[1,1],"6":[1,1],"7":[1,1],"8":[1,1],"9":[1,1,1],"10":[1,1],"11":[1,1],"12":[1,1],"13":[1,1],"14":[1,1],"15":[1,1],"16":[1,1]},"f":{"1":2,"2":2,"3":2,"4":2,"5":2,"6":1,"7":1,"8":2,"9":2,"10":2,"11":2,"12":1},"fnMap":{"1":{"name":"(anonymous_1)","line":12,"loc":{"start":{"line":12,"column":1},"end":{"line":12,"column":13}}},"2":{"name":"(anonymous_2)","line":19,"loc":{"start":{"line":19,"column":5},"end":{"line":19,"column":17}}},"3":{"name":"(anonymous_3)","line":23,"loc":{"start":{"line":23,"column":24},"end":{"line":23,"column":36}}},"4":{"name":"(anonymous_4)","line":61,"loc":{"start":{"line":61,"column":5},"end":{"line":61,"column":17}}},"5":{"name":"(anonymous_5)","line":82,"loc":{"start":{"line":82,"column":5},"end":{"line":82,"column":17}}},"6":{"name":"(anonymous_6)","line":102,"loc":{"start":{"line":102,"column":83},"end":{"line":105,"column":10}},"skip":true},"7":{"name":"(anonymous_7)","line":113,"loc":{"start":{"line":113,"column":77},"end":{"line":116,"column":10}},"skip":true},"8":{"name":"(anonymous_8)","line":129,"loc":{"start":{"line":129,"column":12},"end":{"line":129,"column":40}},"skip":true},"9":{"name":"(anonymous_9)","line":137,"loc":{"start":{"line":137,"column":77},"end":{"line":140,"column":10}},"skip":true},"10":{"name":"(anonymous_10)","line":148,"loc":{"start":{"line":148,"column":83},"end":{"line":151,"column":10}},"skip":true},"11":{"name":"(anonymous_11)","line":159,"loc":{"start":{"line":159,"column":79},"end":{"line":162,"column":10}},"skip":true},"12":{"name":"(anonymous_12)","line":170,"loc":{"start":{"line":170,"column":75},"end":{"line":173,"column":10}},"skip":true}},"statementMap":{"1":{"start":{"line":12,"column":0},"end":{"line":185,"column":5}},"2":{"start":{"line":14,"column":4},"end":{"line":14,"column":14}},"3":{"start":{"line":19,"column":4},"end":{"line":56,"column":9}},"4":{"start":{"line":21,"column":8},"end":{"line":21,"column":19}},"5":{"start":{"line":23,"column":8},"end":{"line":35,"column":13}},"6":{"start":{"line":24,"column":12},"end":{"line":34,"column":13}},"7":{"start":{"line":25,"column":16},"end":{"line":28,"column":30}},"8":{"start":{"line":30,"column":16},"end":{"line":33,"column":27}},"9":{"start":{"line":37,"column":8},"end":{"line":39,"column":21}},"10":{"start":{"line":40,"column":8},"end":{"line":53,"column":9}},"11":{"start":{"line":43,"column":12},"end":{"line":46,"column":14}},"12":{"start":{"line":47,"column":12},"end":{"line":47,"column":18}},"13":{"start":{"line":50,"column":12},"end":{"line":51,"column":46}},"14":{"start":{"line":52,"column":12},"end":{"line":52,"column":18}},"15":{"start":{"line":55,"column":8},"end":{"line":55,"column":35}},"16":{"start":{"line":61,"column":4},"end":{"line":63,"column":9}},"17":{"start":{"line":62,"column":8},"end":{"line":62,"column":15}},"18":{"start":{"line":64,"column":4},"end":{"line":77,"column":5}},"19":{"start":{"line":70,"column":8},"end":{"line":70,"column":14}},"20":{"start":{"line":76,"column":8},"end":{"line":76,"column":14}},"21":{"start":{"line":82,"column":4},"end":{"line":84,"column":9}},"22":{"start":{"line":83,"column":8},"end":{"line":83,"column":15}},"23":{"start":{"line":85,"column":4},"end":{"line":184,"column":5}},"24":{"start":{"line":92,"column":8},"end":{"line":94,"column":63}},"25":{"start":{"line":95,"column":8},"end":{"line":95,"column":14}},"26":{"start":{"line":102,"column":8},"end":{"line":111,"column":10},"skip":true},"27":{"start":{"line":109,"column":12},"end":{"line":109,"column":55},"skip":true},"28":{"start":{"line":110,"column":12},"end":{"line":110,"column":48},"skip":true},"29":{"start":{"line":113,"column":8},"end":{"line":126,"column":10},"skip":true},"30":{"start":{"line":120,"column":12},"end":{"line":120,"column":76},"skip":true},"31":{"start":{"line":121,"column":12},"end":{"line":121,"column":73},"skip":true},"32":{"start":{"line":122,"column":12},"end":{"line":122,"column":74},"skip":true},"33":{"start":{"line":123,"column":12},"end":{"line":123,"column":79},"skip":true},"34":{"start":{"line":124,"column":12},"end":{"line":124,"column":25},"skip":true},"35":{"start":{"line":125,"column":12},"end":{"line":125,"column":45},"skip":true},"36":{"start":{"line":128,"column":8},"end":{"line":135,"column":14},"skip":true},"37":{"start":{"line":133,"column":16},"end":{"line":133,"column":29},"skip":true},"38":{"start":{"line":134,"column":16},"end":{"line":134,"column":55},"skip":true},"39":{"start":{"line":137,"column":8},"end":{"line":146,"column":10},"skip":true},"40":{"start":{"line":144,"column":12},"end":{"line":144,"column":25},"skip":true},"41":{"start":{"line":145,"column":12},"end":{"line":145,"column":45},"skip":true},"42":{"start":{"line":148,"column":8},"end":{"line":157,"column":10},"skip":true},"43":{"start":{"line":155,"column":12},"end":{"line":155,"column":25},"skip":true},"44":{"start":{"line":156,"column":12},"end":{"line":156,"column":48},"skip":true},"45":{"start":{"line":159,"column":8},"end":{"line":168,"column":10},"skip":true},"46":{"start":{"line":166,"column":12},"end":{"line":166,"column":25},"skip":true},"47":{"start":{"line":167,"column":12},"end":{"line":167,"column":46},"skip":true},"48":{"start":{"line":170,"column":8},"end":{"line":179,"column":10},"skip":true},"49":{"start":{"line":177,"column":12},"end":{"line":177,"column":94},"skip":true},"50":{"start":{"line":178,"column":12},"end":{"line":178,"column":48},"skip":true},"51":{"start":{"line":182,"column":8},"end":{"line":182,"column":35},"skip":true},"52":{"start":{"line":183,"column":8},"end":{"line":183,"column":14},"skip":true}},"branchMap":{"1":{"line":25,"type":"binary-expr","locations":[{"start":{"line":25,"column":23},"end":{"line":25,"column":62}},{"start":{"line":26,"column":20},"end":{"line":26,"column":70}},{"start":{"line":27,"column":20},"end":{"line":27,"column":71}},{"start":{"line":28,"column":20},"end":{"line":28,"column":29}}]},"2":{"line":30,"type":"binary-expr","locations":[{"start":{"line":30,"column":23},"end":{"line":30,"column":37}},{"start":{"line":31,"column":20},"end":{"line":31,"column":61}},{"start":{"line":32,"column":20},"end":{"line":32,"column":70}},{"start":{"line":33,"column":20},"end":{"line":33,"column":26}}]},"3":{"line":37,"type":"cond-expr","locations":[{"start":{"line":38,"column":14},"end":{"line":38,"column":20}},{"start":{"line":39,"column":14},"end":{"line":39,"column":20}}]},"4":{"line":40,"type":"switch","locations":[{"start":{"line":42,"column":8},"end":{"line":47,"column":18}},{"start":{"line":49,"column":8},"end":{"line":52,"column":18}}]},"5":{"line":44,"type":"binary-expr","locations":[{"start":{"line":44,"column":16},"end":{"line":44,"column":44}},{"start":{"line":44,"column":48},"end":{"line":44,"column":66}}]},"6":{"line":50,"type":"binary-expr","locations":[{"start":{"line":50,"column":21},"end":{"line":50,"column":49}},{"start":{"line":50,"column":53},"end":{"line":50,"column":72}}]},"7":{"line":64,"type":"switch","locations":[{"start":{"line":69,"column":4},"end":{"line":70,"column":14}},{"start":{"line":75,"column":4},"end":{"line":76,"column":14}}]},"8":{"line":85,"type":"switch","locations":[{"start":{"line":90,"column":4},"end":{"line":95,"column":14}},{"start":{"line":101,"column":4},"end":{"line":183,"column":14},"skip":true}]},"9":{"line":92,"type":"binary-expr","locations":[{"start":{"line":92,"column":18},"end":{"line":92,"column":32}},{"start":{"line":93,"column":12},"end":{"line":93,"column":53}},{"start":{"line":94,"column":12},"end":{"line":94,"column":61}}]},"10":{"line":102,"type":"binary-expr","locations":[{"start":{"line":102,"column":45},"end":{"line":102,"column":79},"skip":true},{"start":{"line":102,"column":83},"end":{"line":111,"column":9},"skip":true}]},"11":{"line":113,"type":"binary-expr","locations":[{"start":{"line":113,"column":42},"end":{"line":113,"column":73},"skip":true},{"start":{"line":113,"column":77},"end":{"line":126,"column":9},"skip":true}]},"12":{"line":128,"type":"binary-expr","locations":[{"start":{"line":128,"column":48},"end":{"line":128,"column":85},"skip":true},{"start":{"line":129,"column":12},"end":{"line":135,"column":13},"skip":true}]},"13":{"line":137,"type":"binary-expr","locations":[{"start":{"line":137,"column":42},"end":{"line":137,"column":73},"skip":true},{"start":{"line":137,"column":77},"end":{"line":146,"column":9},"skip":true}]},"14":{"line":148,"type":"binary-expr","locations":[{"start":{"line":148,"column":45},"end":{"line":148,"column":79},"skip":true},{"start":{"line":148,"column":83},"end":{"line":157,"column":9},"skip":true}]},"15":{"line":159,"type":"binary-expr","locations":[{"start":{"line":159,"column":43},"end":{"line":159,"column":75},"skip":true},{"start":{"line":159,"column":79},"end":{"line":168,"column":9},"skip":true}]},"16":{"line":170,"type":"binary-expr","locations":[{"start":{"line":170,"column":41},"end":{"line":170,"column":71},"skip":true},{"start":{"line":170,"column":75},"end":{"line":179,"column":9},"skip":true}]}},"code":["/* istanbul instrument in package npmtest_semver */","/*jslint","    bitwise: true,","    browser: true,","    maxerr: 8,","    maxlen: 96,","    node: true,","    nomen: true,","    regexp: true,","    stupid: true","*/","(function () {","    'use strict';","    var local;","","","","    // run shared js-env code - pre-init","    (function () {","        // init local","        local = {};","        // init modeJs","        local.modeJs = (function () {","            try {","                return typeof navigator.userAgent === 'string' &&","                    typeof document.querySelector('body') === 'object' &&","                    typeof XMLHttpRequest.prototype.open === 'function' &&","                    'browser';","            } catch (errorCaughtBrowser) {","                return module.exports &&","                    typeof process.versions.node === 'string' &&","                    typeof require('http').createServer === 'function' &&","                    'node';","            }","        }());","        // init global","        local.global = local.modeJs === 'browser'","            ? window","            : global;","        switch (local.modeJs) {","        // re-init local from window.local","        case 'browser':","            local = local.global.utility2.objectSetDefault(","                local.global.utility2_rollup || local.global.local,","                local.global.utility2","            );","            break;","        // re-init local from example.js","        case 'node':","            local = (local.global.utility2_rollup || require('utility2'))","                .requireExampleJsFromReadme();","            break;","        }","        // export local","        local.global.local = local;","    }());","","","","    // run shared js-env code - function","    (function () {","        return;","    }());","    switch (local.modeJs) {","","","","    // run browser js-env code - function","    case 'browser':","        break;","","","","    // run node js-env code - function","    case 'node':","        break;","    }","","","","    // run shared js-env code - post-init","    (function () {","        return;","    }());","    switch (local.modeJs) {","","","","    // run browser js-env code - post-init","    case 'browser':","        // run tests","        local.nop(local.modeTest &&","            document.querySelector('#testRunButton1') &&","            document.querySelector('#testRunButton1').click());","        break;","","","","    // run node js-env code - post-init","    /* istanbul ignore next */","    case 'node':","        local.testCase_buildApidoc_default = local.testCase_buildApidoc_default || function (","            options,","            onError","        ) {","        /*","         * this function will test buildApidoc's default handling-behavior-behavior","         */","            options = { modulePathList: module.paths };","            local.buildApidoc(options, onError);","        };","","        local.testCase_buildApp_default = local.testCase_buildApp_default || function (","            options,","            onError","        ) {","        /*","         * this function will test buildApp's default handling-behavior-behavior","         */","            local.testCase_buildReadme_default(options, local.onErrorThrow);","            local.testCase_buildLib_default(options, local.onErrorThrow);","            local.testCase_buildTest_default(options, local.onErrorThrow);","            local.testCase_buildCustomOrg_default(options, local.onErrorThrow);","            options = [];","            local.buildApp(options, onError);","        };","","        local.testCase_buildCustomOrg_default = local.testCase_buildCustomOrg_default ||","            function (options, onError) {","            /*","             * this function will test buildCustomOrg's default handling-behavior","             */","                options = {};","                local.buildCustomOrg(options, onError);","            };","","        local.testCase_buildLib_default = local.testCase_buildLib_default || function (","            options,","            onError","        ) {","        /*","         * this function will test buildLib's default handling-behavior","         */","            options = {};","            local.buildLib(options, onError);","        };","","        local.testCase_buildReadme_default = local.testCase_buildReadme_default || function (","            options,","            onError","        ) {","        /*","         * this function will test buildReadme's default handling-behavior-behavior","         */","            options = {};","            local.buildReadme(options, onError);","        };","","        local.testCase_buildTest_default = local.testCase_buildTest_default || function (","            options,","            onError","        ) {","        /*","         * this function will test buildTest's default handling-behavior","         */","            options = {};","            local.buildTest(options, onError);","        };","","        local.testCase_webpage_default = local.testCase_webpage_default || function (","            options,","            onError","        ) {","        /*","         * this function will test webpage's default handling-behavior","         */","            options = { modeCoverageMerge: true, url: local.serverLocalHost + '?modeTest=1' };","            local.browserTest(options, onError);","        };","","        // run test-server","        local.testRunServer(local);","        break;","    }","}());",""],"l":{"12":2,"14":2,"19":2,"21":2,"23":2,"24":2,"25":2,"30":1,"37":2,"40":2,"43":1,"47":1,"50":1,"52":1,"55":2,"61":2,"62":2,"64":2,"70":1,"76":1,"82":2,"83":2,"85":2,"92":1,"95":1,"102":1,"109":1,"110":1,"113":1,"120":1,"121":1,"122":1,"123":1,"124":1,"125":1,"128":1,"133":2,"134":2,"137":1,"144":2,"145":2,"148":1,"155":2,"156":2,"159":1,"166":2,"167":2,"170":1,"177":1,"178":1,"182":1,"183":1}},"/home/travis/build/npmtest/node-npmtest-semver/lib.npmtest_semver.js":{"path":"/home/travis/build/npmtest/node-npmtest-semver/lib.npmtest_semver.js","s":{"1":2,"2":2,"3":2,"4":2,"5":2,"6":2,"7":2,"8":1,"9":2,"10":2,"11":2,"12":2,"13":1,"14":1,"15":1,"16":1},"b":{"1":[2,1,1,1],"2":[1,1,1,1],"3":[1,1],"4":[2,2],"5":[1,1]},"f":{"1":2,"2":2,"3":2},"fnMap":{"1":{"name":"(anonymous_1)","line":12,"loc":{"start":{"line":12,"column":1},"end":{"line":12,"column":13}}},"2":{"name":"(anonymous_2)","line":19,"loc":{"start":{"line":19,"column":5},"end":{"line":19,"column":17}}},"3":{"name":"(anonymous_3)","line":23,"loc":{"start":{"line":23,"column":24},"end":{"line":23,"column":36}}}},"statementMap":{"1":{"start":{"line":12,"column":0},"end":{"line":53,"column":5}},"2":{"start":{"line":14,"column":4},"end":{"line":14,"column":14}},"3":{"start":{"line":19,"column":4},"end":{"line":52,"column":9}},"4":{"start":{"line":21,"column":8},"end":{"line":21,"column":19}},"5":{"start":{"line":23,"column":8},"end":{"line":35,"column":13}},"6":{"start":{"line":24,"column":12},"end":{"line":34,"column":13}},"7":{"start":{"line":25,"column":16},"end":{"line":28,"column":30}},"8":{"start":{"line":30,"column":16},"end":{"line":33,"column":27}},"9":{"start":{"line":37,"column":8},"end":{"line":39,"column":21}},"10":{"start":{"line":41,"column":8},"end":{"line":41,"column":54}},"11":{"start":{"line":43,"column":8},"end":{"line":43,"column":51}},"12":{"start":{"line":45,"column":8},"end":{"line":51,"column":9}},"13":{"start":{"line":46,"column":12},"end":{"line":46,"column":57}},"14":{"start":{"line":48,"column":12},"end":{"line":48,"column":35}},"15":{"start":{"line":49,"column":12},"end":{"line":49,"column":49}},"16":{"start":{"line":50,"column":12},"end":{"line":50,"column":43}}},"branchMap":{"1":{"line":25,"type":"binary-expr","locations":[{"start":{"line":25,"column":23},"end":{"line":25,"column":62}},{"start":{"line":26,"column":20},"end":{"line":26,"column":70}},{"start":{"line":27,"column":20},"end":{"line":27,"column":71}},{"start":{"line":28,"column":20},"end":{"line":28,"column":29}}]},"2":{"line":30,"type":"binary-expr","locations":[{"start":{"line":30,"column":23},"end":{"line":30,"column":37}},{"start":{"line":31,"column":20},"end":{"line":31,"column":61}},{"start":{"line":32,"column":20},"end":{"line":32,"column":70}},{"start":{"line":33,"column":20},"end":{"line":33,"column":26}}]},"3":{"line":37,"type":"cond-expr","locations":[{"start":{"line":38,"column":14},"end":{"line":38,"column":20}},{"start":{"line":39,"column":14},"end":{"line":39,"column":20}}]},"4":{"line":41,"type":"binary-expr","locations":[{"start":{"line":41,"column":16},"end":{"line":41,"column":44}},{"start":{"line":41,"column":48},"end":{"line":41,"column":53}}]},"5":{"line":45,"type":"if","locations":[{"start":{"line":45,"column":8},"end":{"line":45,"column":8}},{"start":{"line":45,"column":8},"end":{"line":45,"column":8}}]}},"code":["/* istanbul instrument in package npmtest_semver */","/*jslint","    bitwise: true,","    browser: true,","    maxerr: 8,","    maxlen: 96,","    node: true,","    nomen: true,","    regexp: true,","    stupid: true","*/","(function () {","    'use strict';","    var local;","","","","    // run shared js-env code - pre-init","    (function () {","        // init local","        local = {};","        // init modeJs","        local.modeJs = (function () {","            try {","                return typeof navigator.userAgent === 'string' &&","                    typeof document.querySelector('body') === 'object' &&","                    typeof XMLHttpRequest.prototype.open === 'function' &&","                    'browser';","            } catch (errorCaughtBrowser) {","                return module.exports &&","                    typeof process.versions.node === 'string' &&","                    typeof require('http').createServer === 'function' &&","                    'node';","            }","        }());","        // init global","        local.global = local.modeJs === 'browser'","            ? window","            : global;","        // init utility2_rollup","        local = local.global.utility2_rollup || local;","        // init lib","        local.local = local.npmtest_semver = local;","        // init exports","        if (local.modeJs === 'browser') {","            local.global.utility2_npmtest_semver = local;","        } else {","            module.exports = local;","            module.exports.__dirname = __dirname;","            module.exports.module = module;","        }","    }());","}());",""],"l":{"12":2,"14":2,"19":2,"21":2,"23":2,"24":2,"25":2,"30":1,"37":2,"41":2,"43":2,"45":2,"46":1,"48":1,"49":1,"50":1}},"/home/travis/build/npmtest/node-npmtest-semver/example.js":{"path":"/home/travis/build/npmtest/node-npmtest-semver/example.js","s":{"1":2,"2":2,"3":2,"4":2,"5":2,"6":2,"7":2,"8":1,"9":2,"10":2,"11":2,"12":2,"13":1,"14":2,"15":2,"16":2,"17":2,"18":2,"19":0,"20":2,"21":1,"22":1,"23":1,"24":1,"25":1,"26":0,"27":0,"28":1,"29":1,"30":2,"31":0,"32":0,"33":0,"34":1,"35":2,"36":2,"37":2,"38":2,"39":2,"40":2,"41":0,"42":2,"43":2,"44":2,"45":1,"46":3,"47":1,"48":1,"49":1,"50":1,"51":1,"52":1,"53":1,"54":1,"55":1,"56":1,"57":0,"58":1,"59":6,"60":6,"61":1,"62":2,"63":0,"64":2,"65":1,"66":1,"67":0,"68":0,"69":0,"70":0,"71":0,"72":0,"73":0,"74":0,"75":0,"76":0,"77":0,"78":0,"79":0,"80":0,"81":0,"82":0,"83":0},"b":{"1":[2,1,1,1],"2":[1,1,1,1],"3":[1,1],"4":[2,2],"5":[1,1],"6":[1,1],"7":[2,0],"8":[2,1,1,1,1,1],"9":[0,2,0],"10":[1,1],"11":[2,1,1],"12":[1,0],"13":[0,2],"14":[2,0,0,0,0,0,0],"15":[0,2],"16":[2,0],"17":[1,1],"18":[0,1],"19":[1,2,0,2],"20":[1,0],"21":[1,1],"22":[0,0],"23":[0,0],"24":[0,0],"25":[0,0],"26":[0,0],"27":[0,0],"28":[0,0]},"f":{"1":2,"2":2,"3":2,"4":2,"5":2,"6":2,"7":2,"8":2,"9":3,"10":1,"11":6,"12":0},"fnMap":{"1":{"name":"(anonymous_1)","line":26,"loc":{"start":{"line":26,"column":1},"end":{"line":26,"column":13}}},"2":{"name":"(anonymous_2)","line":33,"loc":{"start":{"line":33,"column":5},"end":{"line":33,"column":17}}},"3":{"name":"(anonymous_3)","line":37,"loc":{"start":{"line":37,"column":24},"end":{"line":37,"column":36}}},"4":{"name":"(anonymous_4)","line":69,"loc":{"start":{"line":69,"column":31},"end":{"line":69,"column":48}},"skip":true},"5":{"name":"(anonymous_5)","line":78,"loc":{"start":{"line":78,"column":26},"end":{"line":78,"column":45}},"skip":true},"6":{"name":"(anonymous_6)","line":123,"loc":{"start":{"line":123,"column":33},"end":{"line":123,"column":48}},"skip":true},"7":{"name":"(anonymous_7)","line":125,"loc":{"start":{"line":125,"column":27},"end":{"line":125,"column":39}},"skip":true},"8":{"name":"(anonymous_8)","line":133,"loc":{"start":{"line":133,"column":59},"end":{"line":133,"column":74}},"skip":true},"9":{"name":"(anonymous_9)","line":143,"loc":{"start":{"line":143,"column":45},"end":{"line":143,"column":62}},"skip":true},"10":{"name":"(anonymous_10)","line":144,"loc":{"start":{"line":144,"column":73},"end":{"line":144,"column":92}},"skip":true},"11":{"name":"(anonymous_11)","line":272,"loc":{"start":{"line":272,"column":51},"end":{"line":272,"column":77}},"skip":true},"12":{"name":"(anonymous_12)","line":314,"loc":{"start":{"line":314,"column":32},"end":{"line":314,"column":61}},"skip":true}},"statementMap":{"1":{"start":{"line":26,"column":0},"end":{"line":325,"column":5}},"2":{"start":{"line":28,"column":4},"end":{"line":28,"column":14}},"3":{"start":{"line":33,"column":4},"end":{"line":60,"column":9}},"4":{"start":{"line":35,"column":8},"end":{"line":35,"column":19}},"5":{"start":{"line":37,"column":8},"end":{"line":49,"column":13}},"6":{"start":{"line":38,"column":12},"end":{"line":48,"column":13}},"7":{"start":{"line":39,"column":16},"end":{"line":42,"column":30}},"8":{"start":{"line":44,"column":16},"end":{"line":47,"column":27}},"9":{"start":{"line":51,"column":8},"end":{"line":53,"column":21}},"10":{"start":{"line":55,"column":8},"end":{"line":57,"column":45}},"11":{"start":{"line":59,"column":8},"end":{"line":59,"column":35}},"12":{"start":{"line":61,"column":4},"end":{"line":324,"column":5}},"13":{"start":{"line":69,"column":8},"end":{"line":121,"column":10},"skip":true},"14":{"start":{"line":70,"column":12},"end":{"line":88,"column":13},"skip":true},"15":{"start":{"line":76,"column":16},"end":{"line":87,"column":19},"skip":true},"16":{"start":{"line":79,"column":20},"end":{"line":86,"column":21},"skip":true},"17":{"start":{"line":82,"column":24},"end":{"line":82,"column":43},"skip":true},"18":{"start":{"line":83,"column":24},"end":{"line":83,"column":30},"skip":true},"19":{"start":{"line":85,"column":24},"end":{"line":85,"column":49},"skip":true},"20":{"start":{"line":89,"column":12},"end":{"line":107,"column":13},"skip":true},"21":{"start":{"line":92,"column":16},"end":{"line":102,"column":17},"skip":true},"22":{"start":{"line":93,"column":20},"end":{"line":93,"column":86},"skip":true},"23":{"start":{"line":94,"column":20},"end":{"line":95,"column":45},"skip":true},"24":{"start":{"line":96,"column":20},"end":{"line":96,"column":42},"skip":true},"25":{"start":{"line":97,"column":20},"end":{"line":97,"column":48},"skip":true},"26":{"start":{"line":100,"column":20},"end":{"line":100,"column":85},"skip":true},"27":{"start":{"line":101,"column":20},"end":{"line":101,"column":96},"skip":true},"28":{"start":{"line":103,"column":16},"end":{"line":103,"column":22},"skip":true},"29":{"start":{"line":106,"column":16},"end":{"line":106,"column":22},"skip":true},"30":{"start":{"line":108,"column":12},"end":{"line":120,"column":13},"skip":true},"31":{"start":{"line":114,"column":16},"end":{"line":119,"column":17},"skip":true},"32":{"start":{"line":116,"column":20},"end":{"line":116,"column":78},"skip":true},"33":{"start":{"line":118,"column":20},"end":{"line":118,"column":47},"skip":true},"34":{"start":{"line":123,"column":8},"end":{"line":141,"column":11},"skip":true},"35":{"start":{"line":124,"column":12},"end":{"line":124,"column":54},"skip":true},"36":{"start":{"line":125,"column":12},"end":{"line":140,"column":14},"skip":true},"37":{"start":{"line":126,"column":16},"end":{"line":126,"column":28},"skip":true},"38":{"start":{"line":127,"column":16},"end":{"line":127,"column":69},"skip":true},"39":{"start":{"line":128,"column":16},"end":{"line":128,"column":75},"skip":true},"40":{"start":{"line":129,"column":16},"end":{"line":131,"column":17},"skip":true},"41":{"start":{"line":130,"column":20},"end":{"line":130,"column":27},"skip":true},"42":{"start":{"line":133,"column":16},"end":{"line":137,"column":36},"skip":true},"43":{"start":{"line":134,"column":20},"end":{"line":136,"column":55},"skip":true},"44":{"start":{"line":139,"column":16},"end":{"line":139,"column":57},"skip":true},"45":{"start":{"line":143,"column":8},"end":{"line":147,"column":11},"skip":true},"46":{"start":{"line":144,"column":12},"end":{"line":146,"column":15},"skip":true},"47":{"start":{"line":145,"column":16},"end":{"line":145,"column":70},"skip":true},"48":{"start":{"line":149,"column":8},"end":{"line":149,"column":31},"skip":true},"49":{"start":{"line":150,"column":8},"end":{"line":150,"column":14},"skip":true},"50":{"start":{"line":158,"column":8},"end":{"line":158,"column":31},"skip":true},"51":{"start":{"line":160,"column":8},"end":{"line":160,"column":33},"skip":true},"52":{"start":{"line":161,"column":8},"end":{"line":161,"column":37},"skip":true},"53":{"start":{"line":162,"column":8},"end":{"line":162,"column":35},"skip":true},"54":{"start":{"line":164,"column":8},"end":{"line":164,"column":50},"skip":true},"55":{"start":{"line":166,"column":8},"end":{"line":256,"column":2},"skip":true},"56":{"start":{"line":258,"column":8},"end":{"line":286,"column":9},"skip":true},"57":{"start":{"line":259,"column":12},"end":{"line":269,"column":14},"skip":true},"58":{"start":{"line":271,"column":12},"end":{"line":285,"column":19},"skip":true},"59":{"start":{"line":274,"column":20},"end":{"line":274,"column":35},"skip":true},"60":{"start":{"line":275,"column":20},"end":{"line":284,"column":21},"skip":true},"61":{"start":{"line":277,"column":24},"end":{"line":277,"column":64},"skip":true},"62":{"start":{"line":279,"column":24},"end":{"line":279,"column":40},"skip":true},"63":{"start":{"line":281,"column":24},"end":{"line":281,"column":40},"skip":true},"64":{"start":{"line":283,"column":24},"end":{"line":283,"column":39},"skip":true},"65":{"start":{"line":288,"column":8},"end":{"line":290,"column":9},"skip":true},"66":{"start":{"line":289,"column":12},"end":{"line":289,"column":18},"skip":true},"67":{"start":{"line":291,"column":8},"end":{"line":293,"column":54},"skip":true},"68":{"start":{"line":294,"column":8},"end":{"line":301,"column":37},"skip":true},"69":{"start":{"line":302,"column":8},"end":{"line":302,"column":82},"skip":true},"70":{"start":{"line":305,"column":8},"end":{"line":307,"column":9},"skip":true},"71":{"start":{"line":306,"column":12},"end":{"line":306,"column":82},"skip":true},"72":{"start":{"line":309,"column":8},"end":{"line":311,"column":9},"skip":true},"73":{"start":{"line":310,"column":12},"end":{"line":310,"column":18},"skip":true},"74":{"start":{"line":312,"column":8},"end":{"line":312,"column":54},"skip":true},"75":{"start":{"line":313,"column":8},"end":{"line":313,"column":69},"skip":true},"76":{"start":{"line":314,"column":8},"end":{"line":322,"column":36},"skip":true},"77":{"start":{"line":315,"column":12},"end":{"line":315,"column":61},"skip":true},"78":{"start":{"line":316,"column":12},"end":{"line":319,"column":13},"skip":true},"79":{"start":{"line":317,"column":16},"end":{"line":317,"column":75},"skip":true},"80":{"start":{"line":318,"column":16},"end":{"line":318,"column":23},"skip":true},"81":{"start":{"line":320,"column":12},"end":{"line":320,"column":38},"skip":true},"82":{"start":{"line":321,"column":12},"end":{"line":321,"column":27},"skip":true},"83":{"start":{"line":323,"column":8},"end":{"line":323,"column":14},"skip":true}},"branchMap":{"1":{"line":39,"type":"binary-expr","locations":[{"start":{"line":39,"column":23},"end":{"line":39,"column":62}},{"start":{"line":40,"column":20},"end":{"line":40,"column":70}},{"start":{"line":41,"column":20},"end":{"line":41,"column":71}},{"start":{"line":42,"column":20},"end":{"line":42,"column":29}}]},"2":{"line":44,"type":"binary-expr","locations":[{"start":{"line":44,"column":23},"end":{"line":44,"column":37}},{"start":{"line":45,"column":20},"end":{"line":45,"column":61}},{"start":{"line":46,"column":20},"end":{"line":46,"column":70}},{"start":{"line":47,"column":20},"end":{"line":47,"column":26}}]},"3":{"line":51,"type":"cond-expr","locations":[{"start":{"line":52,"column":14},"end":{"line":52,"column":20}},{"start":{"line":53,"column":14},"end":{"line":53,"column":20}}]},"4":{"line":55,"type":"binary-expr","locations":[{"start":{"line":55,"column":16},"end":{"line":55,"column":44}},{"start":{"line":55,"column":49},"end":{"line":57,"column":43}}]},"5":{"line":55,"type":"cond-expr","locations":[{"start":{"line":56,"column":14},"end":{"line":56,"column":50}},{"start":{"line":57,"column":14},"end":{"line":57,"column":43}}]},"6":{"line":61,"type":"switch","locations":[{"start":{"line":68,"column":4},"end":{"line":150,"column":14},"skip":true},{"start":{"line":156,"column":4},"end":{"line":323,"column":14},"skip":true}]},"7":{"line":70,"type":"if","locations":[{"start":{"line":70,"column":12},"end":{"line":70,"column":12},"skip":true},{"start":{"line":70,"column":12},"end":{"line":70,"column":12},"skip":true}]},"8":{"line":70,"type":"binary-expr","locations":[{"start":{"line":70,"column":16},"end":{"line":70,"column":22},"skip":true},{"start":{"line":70,"column":27},"end":{"line":70,"column":32},"skip":true},{"start":{"line":71,"column":20},"end":{"line":71,"column":39},"skip":true},{"start":{"line":72,"column":20},"end":{"line":72,"column":49},"skip":true},{"start":{"line":73,"column":20},"end":{"line":73,"column":58},"skip":true},{"start":{"line":74,"column":20},"end":{"line":74,"column":69},"skip":true}]},"9":{"line":79,"type":"switch","locations":[{"start":{"line":80,"column":20},"end":{"line":80,"column":33},"skip":true},{"start":{"line":81,"column":20},"end":{"line":83,"column":30},"skip":true},{"start":{"line":84,"column":20},"end":{"line":85,"column":49},"skip":true}]},"10":{"line":89,"type":"switch","locations":[{"start":{"line":90,"column":12},"end":{"line":103,"column":22},"skip":true},{"start":{"line":105,"column":12},"end":{"line":106,"column":22},"skip":true}]},"11":{"line":89,"type":"binary-expr","locations":[{"start":{"line":89,"column":20},"end":{"line":89,"column":25},"skip":true},{"start":{"line":89,"column":29},"end":{"line":89,"column":48},"skip":true},{"start":{"line":89,"column":52},"end":{"line":89,"column":74},"skip":true}]},"12":{"line":92,"type":"if","locations":[{"start":{"line":92,"column":16},"end":{"line":92,"column":16},"skip":true},{"start":{"line":92,"column":16},"end":{"line":92,"column":16},"skip":true}]},"13":{"line":108,"type":"if","locations":[{"start":{"line":108,"column":12},"end":{"line":108,"column":12},"skip":true},{"start":{"line":108,"column":12},"end":{"line":108,"column":12},"skip":true}]},"14":{"line":108,"type":"binary-expr","locations":[{"start":{"line":108,"column":16},"end":{"line":108,"column":61},"skip":true},{"start":{"line":108,"column":66},"end":{"line":108,"column":72},"skip":true},{"start":{"line":108,"column":77},"end":{"line":108,"column":82},"skip":true},{"start":{"line":109,"column":20},"end":{"line":109,"column":39},"skip":true},{"start":{"line":110,"column":20},"end":{"line":110,"column":49},"skip":true},{"start":{"line":111,"column":20},"end":{"line":111,"column":58},"skip":true},{"start":{"line":112,"column":20},"end":{"line":112,"column":68},"skip":true}]},"15":{"line":129,"type":"if","locations":[{"start":{"line":129,"column":16},"end":{"line":129,"column":16},"skip":true},{"start":{"line":129,"column":16},"end":{"line":129,"column":16},"skip":true}]},"16":{"line":134,"type":"cond-expr","locations":[{"start":{"line":135,"column":26},"end":{"line":135,"column":29},"skip":true},{"start":{"line":136,"column":26},"end":{"line":136,"column":54},"skip":true}]},"17":{"line":164,"type":"binary-expr","locations":[{"start":{"line":164,"column":27},"end":{"line":164,"column":43},"skip":true},{"start":{"line":164,"column":47},"end":{"line":164,"column":49},"skip":true}]},"18":{"line":258,"type":"if","locations":[{"start":{"line":258,"column":8},"end":{"line":258,"column":8},"skip":true},{"start":{"line":258,"column":8},"end":{"line":258,"column":8},"skip":true}]},"19":{"line":275,"type":"switch","locations":[{"start":{"line":276,"column":20},"end":{"line":277,"column":64},"skip":true},{"start":{"line":278,"column":20},"end":{"line":279,"column":40},"skip":true},{"start":{"line":280,"column":20},"end":{"line":281,"column":40},"skip":true},{"start":{"line":282,"column":20},"end":{"line":283,"column":39},"skip":true}]},"20":{"line":288,"type":"if","locations":[{"start":{"line":288,"column":8},"end":{"line":288,"column":8},"skip":true},{"start":{"line":288,"column":8},"end":{"line":288,"column":8},"skip":true}]},"21":{"line":288,"type":"binary-expr","locations":[{"start":{"line":288,"column":12},"end":{"line":288,"column":40},"skip":true},{"start":{"line":288,"column":44},"end":{"line":288,"column":67},"skip":true}]},"22":{"line":292,"type":"binary-expr","locations":[{"start":{"line":292,"column":12},"end":{"line":292,"column":50},"skip":true},{"start":{"line":293,"column":12},"end":{"line":293,"column":53},"skip":true}]},"23":{"line":295,"type":"binary-expr","locations":[{"start":{"line":295,"column":12},"end":{"line":295,"column":64},"skip":true},{"start":{"line":296,"column":12},"end":{"line":301,"column":36},"skip":true}]},"24":{"line":302,"type":"binary-expr","locations":[{"start":{"line":302,"column":43},"end":{"line":302,"column":75},"skip":true},{"start":{"line":302,"column":79},"end":{"line":302,"column":81},"skip":true}]},"25":{"line":305,"type":"if","locations":[{"start":{"line":305,"column":8},"end":{"line":305,"column":8},"skip":true},{"start":{"line":305,"column":8},"end":{"line":305,"column":8},"skip":true}]},"26":{"line":309,"type":"if","locations":[{"start":{"line":309,"column":8},"end":{"line":309,"column":8},"skip":true},{"start":{"line":309,"column":8},"end":{"line":309,"column":8},"skip":true}]},"27":{"line":312,"type":"binary-expr","locations":[{"start":{"line":312,"column":27},"end":{"line":312,"column":43},"skip":true},{"start":{"line":312,"column":47},"end":{"line":312,"column":53},"skip":true}]},"28":{"line":316,"type":"if","locations":[{"start":{"line":316,"column":12},"end":{"line":316,"column":12},"skip":true},{"start":{"line":316,"column":12},"end":{"line":316,"column":12},"skip":true}]}},"code":["/*","example.js","","quickstart example","","instruction","    1. save this script as example.js","    2. run the shell command:","        $ npm install npmtest-semver && PORT=8081 node example.js","    3. play with the browser-demo on http://127.0.0.1:8081","*/","","","","/* istanbul instrument in package npmtest_semver */","/*jslint","    bitwise: true,","    browser: true,","    maxerr: 8,","    maxlen: 96,","    node: true,","    nomen: true,","    regexp: true,","    stupid: true","*/","(function () {","    'use strict';","    var local;","","","","    // run shared js-env code - pre-init","    (function () {","        // init local","        local = {};","        // init modeJs","        local.modeJs = (function () {","            try {","                return typeof navigator.userAgent === 'string' &&","                    typeof document.querySelector('body') === 'object' &&","                    typeof XMLHttpRequest.prototype.open === 'function' &&","                    'browser';","            } catch (errorCaughtBrowser) {","                return module.exports &&","                    typeof process.versions.node === 'string' &&","                    typeof require('http').createServer === 'function' &&","                    'node';","            }","        }());","        // init global","        local.global = local.modeJs === 'browser'","            ? window","            : global;","        // init utility2_rollup","        local = local.global.utility2_rollup || (local.modeJs === 'browser'","            ? local.global.utility2_npmtest_semver","            : global.utility2_moduleExports);","        // export local","        local.global.local = local;","    }());","    switch (local.modeJs) {","","","","    // post-init","    // run browser js-env code - post-init","    /* istanbul ignore next */","    case 'browser':","        local.testRunBrowser = function (event) {","            if (!event || (event &&","                    event.currentTarget &&","                    event.currentTarget.className &&","                    event.currentTarget.className.includes &&","                    event.currentTarget.className.includes('onreset'))) {","                // reset output","                Array.from(","                    document.querySelectorAll('body > .resettable')","                ).forEach(function (element) {","                    switch (element.tagName) {","                    case 'INPUT':","                    case 'TEXTAREA':","                        element.value = '';","                        break;","                    default:","                        element.textContent = '';","                    }","                });","            }","            switch (event && event.currentTarget && event.currentTarget.id) {","            case 'testRunButton1':","                // show tests","                if (document.querySelector('#testReportDiv1').style.display === 'none') {","                    document.querySelector('#testReportDiv1').style.display = 'block';","                    document.querySelector('#testRunButton1').textContent =","                        'hide internal test';","                    local.modeTest = true;","                    local.testRunDefault(local);","                // hide tests","                } else {","                    document.querySelector('#testReportDiv1').style.display = 'none';","                    document.querySelector('#testRunButton1').textContent = 'run internal test';","                }","                break;","            // custom-case","            default:","                break;","            }","            if (document.querySelector('#inputTextareaEval1') && (!event || (event &&","                    event.currentTarget &&","                    event.currentTarget.className &&","                    event.currentTarget.className.includes &&","                    event.currentTarget.className.includes('oneval')))) {","                // try to eval input-code","                try {","                    /*jslint evil: true*/","                    eval(document.querySelector('#inputTextareaEval1').value);","                } catch (errorCaught) {","                    console.error(errorCaught);","                }","            }","        };","        // log stderr and stdout to #outputTextareaStdout1","        ['error', 'log'].forEach(function (key) {","            console[key + '_original'] = console[key];","            console[key] = function () {","                var element;","                console[key + '_original'].apply(console, arguments);","                element = document.querySelector('#outputTextareaStdout1');","                if (!element) {","                    return;","                }","                // append text to #outputTextareaStdout1","                element.value += Array.from(arguments).map(function (arg) {","                    return typeof arg === 'string'","                        ? arg","                        : JSON.stringify(arg, null, 4);","                }).join(' ') + '\\n';","                // scroll textarea to bottom","                element.scrollTop = element.scrollHeight;","            };","        });","        // init event-handling","        ['change', 'click', 'keyup'].forEach(function (event) {","            Array.from(document.querySelectorAll('.on' + event)).forEach(function (element) {","                element.addEventListener(event, local.testRunBrowser);","            });","        });","        // run tests","        local.testRunBrowser();","        break;","","","","    // run node js-env code - post-init","    /* istanbul ignore next */","    case 'node':","        // export local","        module.exports = local;","        // require modules","        local.fs = require('fs');","        local.http = require('http');","        local.url = require('url');","        // init assets","        local.assetsDict = local.assetsDict || {};","        /* jslint-ignore-begin */","        local.assetsDict['/assets.index.template.html'] = '\\","<!doctype html>\\n\\","<html lang=\"en\">\\n\\","<head>\\n\\","<meta charset=\"UTF-8\">\\n\\","<meta name=\"viewport\" content=\"width=device-width, initial-scale=1\">\\n\\","<title>{{env.npm_package_name}} (v{{env.npm_package_version}})</title>\\n\\","<style>\\n\\","/*csslint\\n\\","    box-sizing: false,\\n\\","    universal-selector: false\\n\\","*/\\n\\","* {\\n\\","    box-sizing: border-box;\\n\\","}\\n\\","body {\\n\\","    background: #dde;\\n\\","    font-family: Arial, Helvetica, sans-serif;\\n\\","    margin: 2rem;\\n\\","}\\n\\","body > * {\\n\\","    margin-bottom: 1rem;\\n\\","}\\n\\",".utility2FooterDiv {\\n\\","    margin-top: 20px;\\n\\","    text-align: center;\\n\\","}\\n\\","</style>\\n\\","<style>\\n\\","/*csslint\\n\\","*/\\n\\","textarea {\\n\\","    font-family: monospace;\\n\\","    height: 10rem;\\n\\","    width: 100%;\\n\\","}\\n\\","textarea[readonly] {\\n\\","    background: #ddd;\\n\\","}\\n\\","</style>\\n\\","</head>\\n\\","<body>\\n\\","<!-- utility2-comment\\n\\","<div id=\"ajaxProgressDiv1\" style=\"background: #d00; height: 2px; left: 0; margin: 0; padding: 0; position: fixed; top: 0; transition: background 0.5s, width 1.5s; width: 25%;\"></div>\\n\\","utility2-comment -->\\n\\","<h1>\\n\\","<!-- utility2-comment\\n\\","    <a\\n\\","        {{#if env.npm_package_homepage}}\\n\\","        href=\"{{env.npm_package_homepage}}\"\\n\\","        {{/if env.npm_package_homepage}}\\n\\","        target=\"_blank\"\\n\\","    >\\n\\","utility2-comment -->\\n\\","        {{env.npm_package_name}} (v{{env.npm_package_version}})\\n\\","<!-- utility2-comment\\n\\","    </a>\\n\\","utility2-comment -->\\n\\","</h1>\\n\\","<h3>{{env.npm_package_description}}</h3>\\n\\","<!-- utility2-comment\\n\\","<h4><a download href=\"assets.app.js\">download standalone app</a></h4>\\n\\","<button class=\"onclick onreset\" id=\"testRunButton1\">run internal test</button><br>\\n\\","<div id=\"testReportDiv1\" style=\"display: none;\"></div>\\n\\","utility2-comment -->\\n\\","\\n\\","\\n\\","\\n\\","<label>stderr and stdout</label>\\n\\","<textarea class=\"resettable\" id=\"outputTextareaStdout1\" readonly></textarea>\\n\\","<!-- utility2-comment\\n\\","{{#if isRollup}}\\n\\","<script src=\"assets.app.js\"></script>\\n\\","{{#unless isRollup}}\\n\\","utility2-comment -->\\n\\","<script src=\"assets.utility2.rollup.js\"></script>\\n\\","<script src=\"jsonp.utility2._stateInit?callback=window.utility2._stateInit\"></script>\\n\\","<script src=\"assets.npmtest_semver.rollup.js\"></script>\\n\\","<script src=\"assets.example.js\"></script>\\n\\","<script src=\"assets.test.js\"></script>\\n\\","<!-- utility2-comment\\n\\","{{/if isRollup}}\\n\\","utility2-comment -->\\n\\","<div class=\"utility2FooterDiv\">\\n\\","    [ this app was created with\\n\\","    <a href=\"https://github.com/kaizhu256/node-utility2\" target=\"_blank\">utility2</a>\\n\\","    ]\\n\\","</div>\\n\\","</body>\\n\\","</html>\\n\\","';","        /* jslint-ignore-end */","        if (local.templateRender) {","            local.assetsDict['/'] = local.templateRender(","                local.assetsDict['/assets.index.template.html'],","                {","                    env: local.objectSetDefault(local.env, {","                        npm_package_description: 'the greatest app in the world!',","                        npm_package_name: 'my-app',","                        npm_package_nameAlias: 'my_app',","                        npm_package_version: '0.0.1'","                    })","                }","            );","        } else {","            local.assetsDict['/'] = local.assetsDict['/assets.index.template.html']","                .replace((/\\{\\{env\\.(\\w+?)\\}\\}/g), function (match0, match1) {","                    // jslint-hack","                    String(match0);","                    switch (match1) {","                    case 'npm_package_description':","                        return 'the greatest app in the world!';","                    case 'npm_package_name':","                        return 'my-app';","                    case 'npm_package_nameAlias':","                        return 'my_app';","                    case 'npm_package_version':","                        return '0.0.1';","                    }","                });","        }","        // run the cli","        if (local.global.utility2_rollup || module !== require.main) {","            break;","        }","        local.assetsDict['/assets.example.js'] =","            local.assetsDict['/assets.example.js'] ||","            local.fs.readFileSync(__filename, 'utf8');","        local.assetsDict['/assets.npmtest_semver.rollup.js'] =","            local.assetsDict['/assets.npmtest_semver.rollup.js'] ||","            local.fs.readFileSync(","                // buildCustomOrg-hack","                local.npmtest_semver.__dirname +","                    '/lib.npmtest_semver.js',","                'utf8'","            ).replace((/^#!/), '//');","        local.assetsDict['/favicon.ico'] = local.assetsDict['/favicon.ico'] || '';","        // if $npm_config_timeout_exit exists,","        // then exit this process after $npm_config_timeout_exit ms","        if (Number(process.env.npm_config_timeout_exit)) {","            setTimeout(process.exit, Number(process.env.npm_config_timeout_exit));","        }","        // start server","        if (local.global.utility2_serverHttp1) {","            break;","        }","        process.env.PORT = process.env.PORT || '8081';","        console.error('server starting on port ' + process.env.PORT);","        local.http.createServer(function (request, response) {","            request.urlParsed = local.url.parse(request.url);","            if (local.assetsDict[request.urlParsed.pathname] !== undefined) {","                response.end(local.assetsDict[request.urlParsed.pathname]);","                return;","            }","            response.statusCode = 404;","            response.end();","        }).listen(process.env.PORT);","        break;","    }","}());",""],"l":{"26":2,"28":2,"33":2,"35":2,"37":2,"38":2,"39":2,"44":1,"51":2,"55":2,"59":2,"61":2,"69":1,"70":2,"76":2,"79":2,"82":2,"83":2,"85":1,"89":2,"92":1,"93":1,"94":1,"96":1,"97":1,"100":1,"101":1,"103":1,"106":1,"108":2,"114":1,"116":1,"118":1,"123":1,"124":2,"125":2,"126":2,"127":2,"128":2,"129":2,"130":1,"133":2,"134":2,"139":2,"143":1,"144":3,"145":1,"149":1,"150":1,"158":1,"160":1,"161":1,"162":1,"164":1,"166":1,"258":1,"259":1,"271":1,"274":6,"275":6,"277":1,"279":2,"281":1,"283":2,"288":1,"289":1,"291":1,"294":1,"302":1,"305":1,"306":1,"309":1,"310":1,"312":1,"313":1,"314":1,"315":1,"316":1,"317":1,"318":1,"320":1,"321":1,"323":1}},"/home/travis/build/npmtest/node-npmtest-semver/node_modules/semver/semver.js":{"path":"/home/travis/build/npmtest/node-npmtest-semver/node_modules/semver/semver.js","s":{"1":1,"2":1,"3":1,"4":0,"5":0,"6":0,"7":0,"8":1,"9":1,"10":1,"11":1,"12":1,"13":1,"14":1,"15":1,"16":1,"17":1,"18":1,"19":1,"20":1,"21":1,"22":1,"23":1,"24":1,"25":1,"26":1,"27":1,"28":1,"29":1,"30":1,"31":1,"32":1,"33":1,"34":1,"35":1,"36":1,"37":1,"38":1,"39":1,"40":1,"41":1,"42":1,"43":1,"44":1,"45":1,"46":1,"47":1,"48":1,"49":1,"50":1,"51":1,"52":1,"53":1,"54":1,"55":1,"56":1,"57":1,"58":1,"59":1,"60":1,"61":1,"62":1,"63":1,"64":1,"65":1,"66":1,"67":1,"68":1,"69":1,"70":1,"71":1,"72":1,"73":1,"74":1,"75":1,"76":1,"77":1,"78":1,"79":1,"80":1,"81":1,"82":1,"83":1,"84":1,"85":1,"86":1,"87":1,"88":1,"89":1,"90":1,"91":1,"92":34,"93":34,"94":31,"95":1,"96":1,"97":0,"98":0,"99":0,"100":0,"101":0,"102":0,"103":0,"104":0,"105":0,"106":0,"107":0,"108":0,"109":1,"110":1,"111":0,"112":0,"113":1,"114":1,"115":0,"116":0,"117":1,"118":1,"119":0,"120":0,"121":0,"122":0,"123":0,"124":0,"125":0,"126":0,"127":0,"128":0,"129":0,"130":0,"131":0,"132":0,"133":0,"134":0,"135":0,"136":0,"137":0,"138":0,"139":0,"140":0,"141":0,"142":0,"143":0,"144":0,"145":0,"146":0,"147":0,"148":0,"149":0,"150":0,"151":0,"152":0,"153":0,"154":1,"155":0,"156":0,"157":0,"158":0,"159":1,"160":0,"161":1,"162":0,"163":0,"164":0,"165":0,"166":1,"167":0,"168":0,"169":0,"170":1,"171":0,"172":0,"173":0,"174":0,"175":0,"176":0,"177":0,"178":0,"179":0,"180":0,"181":0,"182":0,"183":0,"184":0,"185":0,"186":0,"187":0,"188":0,"189":0,"190":0,"191":0,"192":0,"193":1,"194":0,"195":0,"196":0,"197":0,"198":0,"199":0,"200":0,"201":0,"202":0,"203":0,"204":0,"205":0,"206":0,"207":0,"208":0,"209":0,"210":0,"211":0,"212":0,"213":0,"214":0,"215":0,"216":0,"217":0,"218":0,"219":0,"220":0,"221":0,"222":0,"223":0,"224":0,"225":0,"226":0,"227":0,"228":0,"229":0,"230":0,"231":0,"232":0,"233":0,"234":0,"235":0,"236":0,"237":0,"238":0,"239":0,"240":0,"241":0,"242":0,"243":0,"244":0,"245":0,"246":0,"247":0,"248":1,"249":1,"250":0,"251":0,"252":0,"253":0,"254":0,"255":0,"256":1,"257":1,"258":0,"259":0,"260":0,"261":0,"262":0,"263":0,"264":0,"265":0,"266":0,"267":0,"268":0,"269":0,"270":0,"271":0,"272":1,"273":1,"274":1,"275":0,"276":0,"277":0,"278":0,"279":0,"280":0,"281":1,"282":1,"283":0,"284":1,"285":1,"286":0,"287":1,"288":1,"289":0,"290":1,"291":1,"292":0,"293":1,"294":1,"295":0,"296":1,"297":1,"298":0,"299":1,"300":1,"301":0,"302":1,"303":1,"304":0,"305":0,"306":1,"307":1,"308":0,"309":0,"310":1,"311":1,"312":0,"313":1,"314":1,"315":0,"316":1,"317":1,"318":0,"319":1,"320":1,"321":0,"322":1,"323":1,"324":0,"325":1,"326":1,"327":0,"328":1,"329":1,"330":0,"331":0,"332":0,"333":0,"334":0,"335":0,"336":0,"337":0,"338":0,"339":0,"340":0,"341":0,"342":0,"343":0,"344":0,"345":0,"346":0,"347":0,"348":0,"349":0,"350":0,"351":0,"352":0,"353":0,"354":0,"355":0,"356":0,"357":0,"358":1,"359":1,"360":0,"361":0,"362":0,"363":0,"364":0,"365":0,"366":0,"367":0,"368":0,"369":0,"370":0,"371":0,"372":0,"373":1,"374":1,"375":0,"376":0,"377":0,"378":0,"379":0,"380":0,"381":0,"382":0,"383":0,"384":0,"385":1,"386":0,"387":1,"388":0,"389":0,"390":0,"391":0,"392":0,"393":0,"394":1,"395":1,"396":0,"397":0,"398":0,"399":0,"400":0,"401":0,"402":0,"403":0,"404":0,"405":0,"406":0,"407":0,"408":1,"409":0,"410":0,"411":0,"412":1,"413":0,"414":1,"415":0,"416":0,"417":0,"418":0,"419":0,"420":0,"421":0,"422":0,"423":0,"424":0,"425":0,"426":0,"427":0,"428":0,"429":0,"430":0,"431":0,"432":0,"433":0,"434":0,"435":1,"436":1,"437":0,"438":0,"439":0,"440":1,"441":0,"442":0,"443":0,"444":0,"445":0,"446":0,"447":0,"448":0,"449":0,"450":0,"451":1,"452":0,"453":1,"454":0,"455":0,"456":1,"457":0,"458":0,"459":0,"460":0,"461":0,"462":0,"463":0,"464":0,"465":0,"466":0,"467":0,"468":0,"469":0,"470":0,"471":0,"472":0,"473":0,"474":0,"475":1,"476":0,"477":0,"478":1,"479":0,"480":0,"481":0,"482":0,"483":0,"484":0,"485":0,"486":0,"487":0,"488":0,"489":0,"490":0,"491":0,"492":0,"493":0,"494":0,"495":0,"496":0,"497":0,"498":0,"499":0,"500":0,"501":0,"502":0,"503":0,"504":0,"505":0,"506":0,"507":0,"508":0,"509":1,"510":0,"511":0,"512":0,"513":1,"514":0,"515":0,"516":0,"517":0,"518":0,"519":0,"520":0,"521":0,"522":0,"523":0,"524":0,"525":0,"526":0,"527":0,"528":0,"529":0,"530":0,"531":0,"532":0,"533":0,"534":0,"535":0,"536":0,"537":0,"538":0,"539":0,"540":0,"541":0,"542":0,"543":0,"544":0,"545":0,"546":0,"547":0,"548":0,"549":0,"550":0,"551":0,"552":0,"553":0,"554":1,"555":0,"556":0,"557":1,"558":0,"559":0,"560":0,"561":0,"562":0,"563":0,"564":0,"565":0,"566":0,"567":0,"568":0,"569":0,"570":0,"571":0,"572":0,"573":0,"574":0,"575":1,"576":0,"577":0,"578":0,"579":0,"580":0,"581":0,"582":0,"583":0,"584":1,"585":0,"586":0,"587":0,"588":0,"589":0,"590":0,"591":0,"592":0,"593":0,"594":0,"595":0,"596":0,"597":0,"598":0,"599":1,"600":1,"601":0,"602":0,"603":0,"604":0,"605":1,"606":1,"607":0,"608":0,"609":0,"610":1,"611":1,"612":0,"613":0,"614":0,"615":1,"616":1,"617":0,"618":0,"619":0,"620":1,"621":1,"622":0,"623":1,"624":1,"625":0,"626":1,"627":1,"628":0,"629":0,"630":0,"631":0,"632":0,"633":0,"634":0,"635":0,"636":0,"637":0,"638":0,"639":0,"640":0,"641":0,"642":0,"643":0,"644":0,"645":0,"646":0,"647":0,"648":0,"649":0,"650":0,"651":0,"652":0,"653":0,"654":0,"655":0,"656":0,"657":0,"658":0,"659":0,"660":0,"661":0,"662":0,"663":0,"664":0,"665":0,"666":0,"667":1,"668":1,"669":0,"670":0},"b":{"1":[0,1],"2":[1,1,1,0],"3":[1,0],"4":[31,3],"5":[0,0],"6":[0,0],"7":[0,0],"8":[0,0],"9":[0,0],"10":[0,0],"11":[0,0],"12":[0,0],"13":[0,0],"14":[0,0],"15":[0,0],"16":[0,0],"17":[0,0],"18":[0,0],"19":[0,0],"20":[0,0],"21":[0,0],"22":[0,0],"23":[0,0],"24":[0,0],"25":[0,0],"26":[0,0],"27":[0,0],"28":[0,0],"29":[0,0],"30":[0,0],"31":[0,0],"32":[0,0],"33":[0,0],"34":[0,0,0],"35":[0,0],"36":[0,0],"37":[0,0],"38":[0,0],"39":[0,0],"40":[0,0],"41":[0,0],"42":[0,0],"43":[0,0],"44":[0,0],"45":[0,0],"46":[0,0],"47":[0,0,0,0,0,0,0,0,0],"48":[0,0],"49":[0,0],"50":[0,0,0],"51":[0,0],"52":[0,0],"53":[0,0],"54":[0,0],"55":[0,0],"56":[0,0],"57":[0,0],"58":[0,0],"59":[0,0],"60":[0,0],"61":[0,0],"62":[0,0],"63":[0,0],"64":[0,0],"65":[0,0,0],"66":[0,0],"67":[0,0],"68":[0,0,0],"69":[0,0],"70":[0,0],"71":[0,0],"72":[0,0],"73":[0,0],"74":[0,0],"75":[0,0],"76":[0,0],"77":[0,0],"78":[0,0,0,0,0,0,0,0,0,0,0],"79":[0,0],"80":[0,0],"81":[0,0],"82":[0,0],"83":[0,0],"84":[0,0],"85":[0,0],"86":[0,0],"87":[0,0],"88":[0,0],"89":[0,0],"90":[0,0],"91":[0,0],"92":[0,0],"93":[0,0],"94":[0,0],"95":[0,0],"96":[0,0],"97":[0,0],"98":[0,0],"99":[0,0],"100":[0,0,0],"101":[0,0],"102":[0,0],"103":[0,0],"104":[0,0],"105":[0,0],"106":[0,0],"107":[0,0],"108":[0,0],"109":[0,0],"110":[0,0],"111":[0,0],"112":[0,0],"113":[0,0],"114":[0,0],"115":[0,0],"116":[0,0],"117":[0,0],"118":[0,0],"119":[0,0],"120":[0,0],"121":[0,0],"122":[0,0],"123":[0,0],"124":[0,0],"125":[0,0],"126":[0,0],"127":[0,0],"128":[0,0],"129":[0,0],"130":[0,0],"131":[0,0],"132":[0,0],"133":[0,0],"134":[0,0],"135":[0,0],"136":[0,0],"137":[0,0],"138":[0,0],"139":[0,0],"140":[0,0],"141":[0,0],"142":[0,0],"143":[0,0],"144":[0,0],"145":[0,0],"146":[0,0],"147":[0,0],"148":[0,0],"149":[0,0],"150":[0,0],"151":[0,0],"152":[0,0,0],"153":[0,0],"154":[0,0],"155":[0,0],"156":[0,0,0],"157":[0,0],"158":[0,0],"159":[0,0],"160":[0,0],"161":[0,0],"162":[0,0],"163":[0,0],"164":[0,0],"165":[0,0],"166":[0,0,0],"167":[0,0],"168":[0,0],"169":[0,0],"170":[0,0]},"f":{"1":0,"2":34,"3":0,"4":0,"5":0,"6":0,"7":0,"8":0,"9":0,"10":0,"11":0,"12":0,"13":0,"14":0,"15":0,"16":0,"17":0,"18":0,"19":0,"20":0,"21":0,"22":0,"23":0,"24":0,"25":0,"26":0,"27":0,"28":0,"29":0,"30":0,"31":0,"32":0,"33":0,"34":0,"35":0,"36":0,"37":0,"38":0,"39":0,"40":0,"41":0,"42":0,"43":0,"44":0,"45":0,"46":0,"47":0,"48":0,"49":0,"50":0,"51":0,"52":0,"53":0,"54":0,"55":0,"56":0,"57":0,"58":0,"59":0,"60":0,"61":0,"62":0,"63":0,"64":0,"65":0,"66":0,"67":0,"68":0,"69":0,"70":0,"71":0,"72":0,"73":0,"74":0,"75":0,"76":0,"77":0,"78":0,"79":0,"80":0,"81":0,"82":0},"fnMap":{"1":{"name":"(anonymous_1)","line":9,"loc":{"start":{"line":9,"column":22},"end":{"line":9,"column":33}}},"2":{"name":"(anonymous_2)","line":15,"loc":{"start":{"line":15,"column":22},"end":{"line":15,"column":33}}},"3":{"name":"parse","line":236,"loc":{"start":{"line":236,"column":0},"end":{"line":236,"column":31}}},"4":{"name":"valid","line":258,"loc":{"start":{"line":258,"column":0},"end":{"line":258,"column":31}}},"5":{"name":"clean","line":265,"loc":{"start":{"line":265,"column":0},"end":{"line":265,"column":31}}},"6":{"name":"SemVer","line":272,"loc":{"start":{"line":272,"column":0},"end":{"line":272,"column":32}}},"7":{"name":"(anonymous_7)","line":315,"loc":{"start":{"line":315,"column":42},"end":{"line":315,"column":55}}},"8":{"name":"(anonymous_8)","line":328,"loc":{"start":{"line":328,"column":26},"end":{"line":328,"column":37}}},"9":{"name":"(anonymous_9)","line":335,"loc":{"start":{"line":335,"column":28},"end":{"line":335,"column":39}}},"10":{"name":"(anonymous_10)","line":339,"loc":{"start":{"line":339,"column":27},"end":{"line":339,"column":43}}},"11":{"name":"(anonymous_11)","line":347,"loc":{"start":{"line":347,"column":31},"end":{"line":347,"column":47}}},"12":{"name":"(anonymous_12)","line":356,"loc":{"start":{"line":356,"column":30},"end":{"line":356,"column":46}}},"13":{"name":"(anonymous_13)","line":388,"loc":{"start":{"line":388,"column":23},"end":{"line":388,"column":53}}},"14":{"name":"inc","line":485,"loc":{"start":{"line":485,"column":0},"end":{"line":485,"column":50}}},"15":{"name":"diff","line":499,"loc":{"start":{"line":499,"column":0},"end":{"line":499,"column":34}}},"16":{"name":"compareIdentifiers","line":528,"loc":{"start":{"line":528,"column":0},"end":{"line":528,"column":34}}},"17":{"name":"rcompareIdentifiers","line":545,"loc":{"start":{"line":545,"column":0},"end":{"line":545,"column":35}}},"18":{"name":"major","line":550,"loc":{"start":{"line":550,"column":0},"end":{"line":550,"column":25}}},"19":{"name":"minor","line":555,"loc":{"start":{"line":555,"column":0},"end":{"line":555,"column":25}}},"20":{"name":"patch","line":560,"loc":{"start":{"line":560,"column":0},"end":{"line":560,"column":25}}},"21":{"name":"compare","line":565,"loc":{"start":{"line":565,"column":0},"end":{"line":565,"column":30}}},"22":{"name":"compareLoose","line":570,"loc":{"start":{"line":570,"column":0},"end":{"line":570,"column":28}}},"23":{"name":"rcompare","line":575,"loc":{"start":{"line":575,"column":0},"end":{"line":575,"column":31}}},"24":{"name":"sort","line":580,"loc":{"start":{"line":580,"column":0},"end":{"line":580,"column":27}}},"25":{"name":"(anonymous_25)","line":581,"loc":{"start":{"line":581,"column":19},"end":{"line":581,"column":34}}},"26":{"name":"rsort","line":587,"loc":{"start":{"line":587,"column":0},"end":{"line":587,"column":28}}},"27":{"name":"(anonymous_27)","line":588,"loc":{"start":{"line":588,"column":19},"end":{"line":588,"column":34}}},"28":{"name":"gt","line":594,"loc":{"start":{"line":594,"column":0},"end":{"line":594,"column":25}}},"29":{"name":"lt","line":599,"loc":{"start":{"line":599,"column":0},"end":{"line":599,"column":25}}},"30":{"name":"eq","line":604,"loc":{"start":{"line":604,"column":0},"end":{"line":604,"column":25}}},"31":{"name":"neq","line":609,"loc":{"start":{"line":609,"column":0},"end":{"line":609,"column":26}}},"32":{"name":"gte","line":614,"loc":{"start":{"line":614,"column":0},"end":{"line":614,"column":26}}},"33":{"name":"lte","line":619,"loc":{"start":{"line":619,"column":0},"end":{"line":619,"column":26}}},"34":{"name":"cmp","line":624,"loc":{"start":{"line":624,"column":0},"end":{"line":624,"column":30}}},"35":{"name":"Comparator","line":649,"loc":{"start":{"line":649,"column":0},"end":{"line":649,"column":33}}},"36":{"name":"(anonymous_36)","line":673,"loc":{"start":{"line":673,"column":29},"end":{"line":673,"column":44}}},"37":{"name":"(anonymous_37)","line":691,"loc":{"start":{"line":691,"column":32},"end":{"line":691,"column":43}}},"38":{"name":"(anonymous_38)","line":695,"loc":{"start":{"line":695,"column":28},"end":{"line":695,"column":46}}},"39":{"name":"Range","line":709,"loc":{"start":{"line":709,"column":0},"end":{"line":709,"column":29}}},"40":{"name":"(anonymous_40)","line":720,"loc":{"start":{"line":720,"column":43},"end":{"line":720,"column":59}}},"41":{"name":"(anonymous_41)","line":722,"loc":{"start":{"line":722,"column":18},"end":{"line":722,"column":30}}},"42":{"name":"(anonymous_42)","line":734,"loc":{"start":{"line":734,"column":25},"end":{"line":734,"column":36}}},"43":{"name":"(anonymous_43)","line":735,"loc":{"start":{"line":735,"column":28},"end":{"line":735,"column":44}}},"44":{"name":"(anonymous_44)","line":741,"loc":{"start":{"line":741,"column":27},"end":{"line":741,"column":38}}},"45":{"name":"(anonymous_45)","line":745,"loc":{"start":{"line":745,"column":29},"end":{"line":745,"column":45}}},"46":{"name":"(anonymous_46)","line":770,"loc":{"start":{"line":770,"column":33},"end":{"line":770,"column":48}}},"47":{"name":"(anonymous_47)","line":775,"loc":{"start":{"line":775,"column":21},"end":{"line":775,"column":36}}},"48":{"name":"(anonymous_48)","line":779,"loc":{"start":{"line":779,"column":16},"end":{"line":779,"column":31}}},"49":{"name":"toComparators","line":788,"loc":{"start":{"line":788,"column":0},"end":{"line":788,"column":37}}},"50":{"name":"(anonymous_50)","line":789,"loc":{"start":{"line":789,"column":41},"end":{"line":789,"column":56}}},"51":{"name":"(anonymous_51)","line":790,"loc":{"start":{"line":790,"column":20},"end":{"line":790,"column":32}}},"52":{"name":"parseComparator","line":799,"loc":{"start":{"line":799,"column":0},"end":{"line":799,"column":38}}},"53":{"name":"isX","line":812,"loc":{"start":{"line":812,"column":0},"end":{"line":812,"column":17}}},"54":{"name":"replaceTildes","line":822,"loc":{"start":{"line":822,"column":0},"end":{"line":822,"column":36}}},"55":{"name":"(anonymous_55)","line":823,"loc":{"start":{"line":823,"column":38},"end":{"line":823,"column":53}}},"56":{"name":"replaceTilde","line":828,"loc":{"start":{"line":828,"column":0},"end":{"line":828,"column":35}}},"57":{"name":"(anonymous_57)","line":830,"loc":{"start":{"line":830,"column":25},"end":{"line":830,"column":50}}},"58":{"name":"replaceCarets","line":863,"loc":{"start":{"line":863,"column":0},"end":{"line":863,"column":36}}},"59":{"name":"(anonymous_59)","line":864,"loc":{"start":{"line":864,"column":38},"end":{"line":864,"column":53}}},"60":{"name":"replaceCaret","line":869,"loc":{"start":{"line":869,"column":0},"end":{"line":869,"column":35}}},"61":{"name":"(anonymous_61)","line":872,"loc":{"start":{"line":872,"column":25},"end":{"line":872,"column":50}}},"62":{"name":"replaceXRanges","line":918,"loc":{"start":{"line":918,"column":0},"end":{"line":918,"column":37}}},"63":{"name":"(anonymous_63)","line":920,"loc":{"start":{"line":920,"column":31},"end":{"line":920,"column":46}}},"64":{"name":"replaceXRange","line":925,"loc":{"start":{"line":925,"column":0},"end":{"line":925,"column":36}}},"65":{"name":"(anonymous_65)","line":928,"loc":{"start":{"line":928,"column":25},"end":{"line":928,"column":58}}},"66":{"name":"replaceStars","line":991,"loc":{"start":{"line":991,"column":0},"end":{"line":991,"column":35}}},"67":{"name":"hyphenReplace","line":1002,"loc":{"start":{"line":1002,"column":0},"end":{"line":1004,"column":48}}},"68":{"name":"(anonymous_68)","line":1031,"loc":{"start":{"line":1031,"column":23},"end":{"line":1031,"column":41}}},"69":{"name":"testSet","line":1045,"loc":{"start":{"line":1045,"column":0},"end":{"line":1045,"column":31}}},"70":{"name":"satisfies","line":1079,"loc":{"start":{"line":1079,"column":0},"end":{"line":1079,"column":42}}},"71":{"name":"maxSatisfying","line":1089,"loc":{"start":{"line":1089,"column":0},"end":{"line":1089,"column":47}}},"72":{"name":"(anonymous_72)","line":1090,"loc":{"start":{"line":1090,"column":25},"end":{"line":1090,"column":43}}},"73":{"name":"(anonymous_73)","line":1092,"loc":{"start":{"line":1092,"column":10},"end":{"line":1092,"column":25}}},"74":{"name":"minSatisfying","line":1098,"loc":{"start":{"line":1098,"column":0},"end":{"line":1098,"column":47}}},"75":{"name":"(anonymous_75)","line":1099,"loc":{"start":{"line":1099,"column":25},"end":{"line":1099,"column":43}}},"76":{"name":"(anonymous_76)","line":1101,"loc":{"start":{"line":1101,"column":10},"end":{"line":1101,"column":25}}},"77":{"name":"validRange","line":1107,"loc":{"start":{"line":1107,"column":0},"end":{"line":1107,"column":34}}},"78":{"name":"ltr","line":1119,"loc":{"start":{"line":1119,"column":0},"end":{"line":1119,"column":36}}},"79":{"name":"gtr","line":1125,"loc":{"start":{"line":1125,"column":0},"end":{"line":1125,"column":36}}},"80":{"name":"outside","line":1130,"loc":{"start":{"line":1130,"column":0},"end":{"line":1130,"column":46}}},"81":{"name":"(anonymous_81)","line":1168,"loc":{"start":{"line":1168,"column":24},"end":{"line":1168,"column":45}}},"82":{"name":"prerelease","line":1200,"loc":{"start":{"line":1200,"column":0},"end":{"line":1200,"column":36}}}},"statementMap":{"1":{"start":{"line":1,"column":0},"end":{"line":1,"column":34}},"2":{"start":{"line":4,"column":12},"end":{"line":4,"column":22}},"3":{"start":{"line":5,"column":12},"end":{"line":15,"column":36}},"4":{"start":{"line":9,"column":14},"end":{"line":13,"column":18}},"5":{"start":{"line":10,"column":16},"end":{"line":10,"column":68}},"6":{"start":{"line":11,"column":16},"end":{"line":11,"column":39}},"7":{"start":{"line":12,"column":16},"end":{"line":12,"column":49}},"8":{"start":{"line":15,"column":14},"end":{"line":15,"column":36}},"9":{"start":{"line":19,"column":0},"end":{"line":19,"column":38}},"10":{"start":{"line":21,"column":0},"end":{"line":21,"column":21}},"11":{"start":{"line":22,"column":0},"end":{"line":22,"column":67}},"12":{"start":{"line":25,"column":0},"end":{"line":25,"column":25}},"13":{"start":{"line":26,"column":0},"end":{"line":26,"column":27}},"14":{"start":{"line":27,"column":0},"end":{"line":27,"column":10}},"15":{"start":{"line":35,"column":0},"end":{"line":35,"column":28}},"16":{"start":{"line":36,"column":0},"end":{"line":36,"column":39}},"17":{"start":{"line":37,"column":0},"end":{"line":37,"column":33}},"18":{"start":{"line":38,"column":0},"end":{"line":38,"column":39}},"19":{"start":{"line":45,"column":0},"end":{"line":45,"column":31}},"20":{"start":{"line":46,"column":0},"end":{"line":46,"column":57}},"21":{"start":{"line":52,"column":0},"end":{"line":52,"column":22}},"22":{"start":{"line":53,"column":0},"end":{"line":55,"column":54}},"23":{"start":{"line":57,"column":0},"end":{"line":57,"column":27}},"24":{"start":{"line":58,"column":0},"end":{"line":60,"column":64}},"25":{"start":{"line":65,"column":0},"end":{"line":65,"column":31}},"26":{"start":{"line":66,"column":0},"end":{"line":67,"column":66}},"27":{"start":{"line":69,"column":0},"end":{"line":69,"column":36}},"28":{"start":{"line":70,"column":0},"end":{"line":71,"column":71}},"29":{"start":{"line":78,"column":0},"end":{"line":78,"column":21}},"30":{"start":{"line":79,"column":0},"end":{"line":80,"column":64}},"31":{"start":{"line":82,"column":0},"end":{"line":82,"column":26}},"32":{"start":{"line":83,"column":0},"end":{"line":84,"column":74}},"33":{"start":{"line":89,"column":0},"end":{"line":89,"column":26}},"34":{"start":{"line":90,"column":0},"end":{"line":90,"column":39}},"35":{"start":{"line":96,"column":0},"end":{"line":96,"column":16}},"36":{"start":{"line":97,"column":0},"end":{"line":98,"column":54}},"37":{"start":{"line":110,"column":0},"end":{"line":110,"column":15}},"38":{"start":{"line":111,"column":0},"end":{"line":113,"column":33}},"39":{"start":{"line":115,"column":0},"end":{"line":115,"column":34}},"40":{"start":{"line":120,"column":0},"end":{"line":122,"column":34}},"41":{"start":{"line":124,"column":0},"end":{"line":124,"column":16}},"42":{"start":{"line":125,"column":0},"end":{"line":125,"column":36}},"43":{"start":{"line":127,"column":0},"end":{"line":127,"column":15}},"44":{"start":{"line":128,"column":0},"end":{"line":128,"column":27}},"45":{"start":{"line":133,"column":0},"end":{"line":133,"column":32}},"46":{"start":{"line":134,"column":0},"end":{"line":134,"column":70}},"47":{"start":{"line":135,"column":0},"end":{"line":135,"column":27}},"48":{"start":{"line":136,"column":0},"end":{"line":136,"column":60}},"49":{"start":{"line":138,"column":0},"end":{"line":138,"column":22}},"50":{"start":{"line":139,"column":0},"end":{"line":144,"column":26}},"51":{"start":{"line":146,"column":0},"end":{"line":146,"column":27}},"52":{"start":{"line":147,"column":0},"end":{"line":152,"column":31}},"53":{"start":{"line":154,"column":0},"end":{"line":154,"column":17}},"54":{"start":{"line":155,"column":0},"end":{"line":155,"column":64}},"55":{"start":{"line":156,"column":0},"end":{"line":156,"column":22}},"56":{"start":{"line":157,"column":0},"end":{"line":157,"column":74}},"57":{"start":{"line":161,"column":0},"end":{"line":161,"column":20}},"58":{"start":{"line":162,"column":0},"end":{"line":162,"column":27}},"59":{"start":{"line":164,"column":0},"end":{"line":164,"column":20}},"60":{"start":{"line":165,"column":0},"end":{"line":165,"column":52}},"61":{"start":{"line":166,"column":0},"end":{"line":166,"column":48}},"62":{"start":{"line":167,"column":0},"end":{"line":167,"column":29}},"63":{"start":{"line":169,"column":0},"end":{"line":169,"column":16}},"64":{"start":{"line":170,"column":0},"end":{"line":170,"column":59}},"65":{"start":{"line":171,"column":0},"end":{"line":171,"column":21}},"66":{"start":{"line":172,"column":0},"end":{"line":172,"column":69}},"67":{"start":{"line":176,"column":0},"end":{"line":176,"column":20}},"68":{"start":{"line":177,"column":0},"end":{"line":177,"column":27}},"69":{"start":{"line":179,"column":0},"end":{"line":179,"column":20}},"70":{"start":{"line":180,"column":0},"end":{"line":180,"column":52}},"71":{"start":{"line":181,"column":0},"end":{"line":181,"column":48}},"72":{"start":{"line":182,"column":0},"end":{"line":182,"column":29}},"73":{"start":{"line":184,"column":0},"end":{"line":184,"column":16}},"74":{"start":{"line":185,"column":0},"end":{"line":185,"column":59}},"75":{"start":{"line":186,"column":0},"end":{"line":186,"column":21}},"76":{"start":{"line":187,"column":0},"end":{"line":187,"column":69}},"77":{"start":{"line":190,"column":0},"end":{"line":190,"column":26}},"78":{"start":{"line":191,"column":0},"end":{"line":191,"column":72}},"79":{"start":{"line":192,"column":0},"end":{"line":192,"column":21}},"80":{"start":{"line":193,"column":0},"end":{"line":193,"column":66}},"81":{"start":{"line":198,"column":0},"end":{"line":198,"column":25}},"82":{"start":{"line":199,"column":0},"end":{"line":200,"column":74}},"83":{"start":{"line":203,"column":0},"end":{"line":203,"column":58}},"84":{"start":{"line":204,"column":0},"end":{"line":204,"column":37}},"85":{"start":{"line":211,"column":0},"end":{"line":211,"column":22}},"86":{"start":{"line":212,"column":0},"end":{"line":215,"column":27}},"87":{"start":{"line":217,"column":0},"end":{"line":217,"column":27}},"88":{"start":{"line":218,"column":0},"end":{"line":221,"column":32}},"89":{"start":{"line":224,"column":0},"end":{"line":224,"column":15}},"90":{"start":{"line":225,"column":0},"end":{"line":225,"column":30}},"91":{"start":{"line":229,"column":0},"end":{"line":233,"column":1}},"92":{"start":{"line":230,"column":2},"end":{"line":230,"column":19}},"93":{"start":{"line":231,"column":2},"end":{"line":232,"column":31}},"94":{"start":{"line":232,"column":4},"end":{"line":232,"column":31}},"95":{"start":{"line":235,"column":0},"end":{"line":235,"column":22}},"96":{"start":{"line":236,"column":0},"end":{"line":255,"column":1}},"97":{"start":{"line":237,"column":2},"end":{"line":238,"column":19}},"98":{"start":{"line":238,"column":4},"end":{"line":238,"column":19}},"99":{"start":{"line":240,"column":2},"end":{"line":241,"column":16}},"100":{"start":{"line":241,"column":4},"end":{"line":241,"column":16}},"101":{"start":{"line":243,"column":2},"end":{"line":244,"column":16}},"102":{"start":{"line":244,"column":4},"end":{"line":244,"column":16}},"103":{"start":{"line":246,"column":2},"end":{"line":246,"column":39}},"104":{"start":{"line":247,"column":2},"end":{"line":248,"column":16}},"105":{"start":{"line":248,"column":4},"end":{"line":248,"column":16}},"106":{"start":{"line":250,"column":2},"end":{"line":254,"column":3}},"107":{"start":{"line":251,"column":4},"end":{"line":251,"column":38}},"108":{"start":{"line":253,"column":4},"end":{"line":253,"column":16}},"109":{"start":{"line":257,"column":0},"end":{"line":257,"column":22}},"110":{"start":{"line":258,"column":0},"end":{"line":261,"column":1}},"111":{"start":{"line":259,"column":2},"end":{"line":259,"column":32}},"112":{"start":{"line":260,"column":2},"end":{"line":260,"column":30}},"113":{"start":{"line":264,"column":0},"end":{"line":264,"column":22}},"114":{"start":{"line":265,"column":0},"end":{"line":268,"column":1}},"115":{"start":{"line":266,"column":2},"end":{"line":266,"column":61}},"116":{"start":{"line":267,"column":2},"end":{"line":267,"column":30}},"117":{"start":{"line":270,"column":0},"end":{"line":270,"column":24}},"118":{"start":{"line":272,"column":0},"end":{"line":326,"column":1}},"119":{"start":{"line":273,"column":2},"end":{"line":280,"column":3}},"120":{"start":{"line":274,"column":4},"end":{"line":277,"column":32}},"121":{"start":{"line":275,"column":6},"end":{"line":275,"column":21}},"122":{"start":{"line":277,"column":6},"end":{"line":277,"column":32}},"123":{"start":{"line":278,"column":9},"end":{"line":280,"column":3}},"124":{"start":{"line":279,"column":4},"end":{"line":279,"column":55}},"125":{"start":{"line":282,"column":2},"end":{"line":283,"column":79}},"126":{"start":{"line":283,"column":4},"end":{"line":283,"column":79}},"127":{"start":{"line":285,"column":2},"end":{"line":286,"column":38}},"128":{"start":{"line":286,"column":4},"end":{"line":286,"column":38}},"129":{"start":{"line":288,"column":2},"end":{"line":288,"column":34}},"130":{"start":{"line":289,"column":2},"end":{"line":289,"column":21}},"131":{"start":{"line":290,"column":2},"end":{"line":290,"column":61}},"132":{"start":{"line":292,"column":2},"end":{"line":293,"column":55}},"133":{"start":{"line":293,"column":4},"end":{"line":293,"column":55}},"134":{"start":{"line":295,"column":2},"end":{"line":295,"column":21}},"135":{"start":{"line":298,"column":2},"end":{"line":298,"column":21}},"136":{"start":{"line":299,"column":2},"end":{"line":299,"column":21}},"137":{"start":{"line":300,"column":2},"end":{"line":300,"column":21}},"138":{"start":{"line":302,"column":2},"end":{"line":303,"column":48}},"139":{"start":{"line":303,"column":4},"end":{"line":303,"column":48}},"140":{"start":{"line":305,"column":2},"end":{"line":306,"column":48}},"141":{"start":{"line":306,"column":4},"end":{"line":306,"column":48}},"142":{"start":{"line":308,"column":2},"end":{"line":309,"column":48}},"143":{"start":{"line":309,"column":4},"end":{"line":309,"column":48}},"144":{"start":{"line":312,"column":2},"end":{"line":322,"column":7}},"145":{"start":{"line":313,"column":4},"end":{"line":313,"column":25}},"146":{"start":{"line":315,"column":4},"end":{"line":322,"column":7}},"147":{"start":{"line":316,"column":6},"end":{"line":320,"column":7}},"148":{"start":{"line":317,"column":8},"end":{"line":317,"column":22}},"149":{"start":{"line":318,"column":8},"end":{"line":319,"column":21}},"150":{"start":{"line":319,"column":10},"end":{"line":319,"column":21}},"151":{"start":{"line":321,"column":6},"end":{"line":321,"column":16}},"152":{"start":{"line":324,"column":2},"end":{"line":324,"column":43}},"153":{"start":{"line":325,"column":2},"end":{"line":325,"column":16}},"154":{"start":{"line":328,"column":0},"end":{"line":333,"column":2}},"155":{"start":{"line":329,"column":2},"end":{"line":329,"column":66}},"156":{"start":{"line":330,"column":2},"end":{"line":331,"column":52}},"157":{"start":{"line":331,"column":4},"end":{"line":331,"column":52}},"158":{"start":{"line":332,"column":2},"end":{"line":332,"column":22}},"159":{"start":{"line":335,"column":0},"end":{"line":337,"column":2}},"160":{"start":{"line":336,"column":2},"end":{"line":336,"column":22}},"161":{"start":{"line":339,"column":0},"end":{"line":345,"column":2}},"162":{"start":{"line":340,"column":2},"end":{"line":340,"column":59}},"163":{"start":{"line":341,"column":2},"end":{"line":342,"column":42}},"164":{"start":{"line":342,"column":4},"end":{"line":342,"column":42}},"165":{"start":{"line":344,"column":2},"end":{"line":344,"column":59}},"166":{"start":{"line":347,"column":0},"end":{"line":354,"column":2}},"167":{"start":{"line":348,"column":2},"end":{"line":349,"column":42}},"168":{"start":{"line":349,"column":4},"end":{"line":349,"column":42}},"169":{"start":{"line":351,"column":2},"end":{"line":353,"column":53}},"170":{"start":{"line":356,"column":0},"end":{"line":384,"column":2}},"171":{"start":{"line":357,"column":2},"end":{"line":358,"column":42}},"172":{"start":{"line":358,"column":4},"end":{"line":358,"column":42}},"173":{"start":{"line":361,"column":2},"end":{"line":366,"column":13}},"174":{"start":{"line":362,"column":4},"end":{"line":362,"column":14}},"175":{"start":{"line":363,"column":7},"end":{"line":366,"column":13}},"176":{"start":{"line":364,"column":4},"end":{"line":364,"column":13}},"177":{"start":{"line":365,"column":7},"end":{"line":366,"column":13}},"178":{"start":{"line":366,"column":4},"end":{"line":366,"column":13}},"179":{"start":{"line":368,"column":2},"end":{"line":368,"column":12}},"180":{"start":{"line":369,"column":2},"end":{"line":383,"column":16}},"181":{"start":{"line":370,"column":4},"end":{"line":370,"column":31}},"182":{"start":{"line":371,"column":4},"end":{"line":371,"column":32}},"183":{"start":{"line":372,"column":4},"end":{"line":372,"column":41}},"184":{"start":{"line":373,"column":4},"end":{"line":382,"column":38}},"185":{"start":{"line":374,"column":6},"end":{"line":374,"column":15}},"186":{"start":{"line":375,"column":9},"end":{"line":382,"column":38}},"187":{"start":{"line":376,"column":6},"end":{"line":376,"column":15}},"188":{"start":{"line":377,"column":9},"end":{"line":382,"column":38}},"189":{"start":{"line":378,"column":6},"end":{"line":378,"column":16}},"190":{"start":{"line":379,"column":9},"end":{"line":382,"column":38}},"191":{"start":{"line":380,"column":6},"end":{"line":380,"column":15}},"192":{"start":{"line":382,"column":6},"end":{"line":382,"column":38}},"193":{"start":{"line":388,"column":0},"end":{"line":482,"column":2}},"194":{"start":{"line":389,"column":2},"end":{"line":478,"column":3}},"195":{"start":{"line":391,"column":6},"end":{"line":391,"column":33}},"196":{"start":{"line":392,"column":6},"end":{"line":392,"column":21}},"197":{"start":{"line":393,"column":6},"end":{"line":393,"column":21}},"198":{"start":{"line":
[...]
ANY)","    return true;","","  if (typeof version === 'string')","    version = new SemVer(version, this.loose);","","  return cmp(version, this.operator, this.semver, this.loose);","};","","","exports.Range = Range;","function Range(range, loose) {","  if ((range instanceof Range) && range.loose === loose)","    return range;","","  if (!(this instanceof Range))","    return new Range(range, loose);","","  this.loose = loose;","","  // First, split based on boolean or ||","  this.raw = range;","  this.set = range.split(/\\s*\\|\\|\\s*/).map(function(range) {","    return this.parseRange(range.trim());","  }, this).filter(function(c) {","    // throw out any that are not relevant for whatever reason","    return c.length;","  });","","  if (!this.set.length) {","    throw new TypeError('Invalid SemVer Range: ' + range);","  }","","  this.format();","}","","Range.prototype.format = function() {","  this.range = this.set.map(function(comps) {","    return comps.join(' ').trim();","  }).join('||').trim();","  return this.range;","};","","Range.prototype.toString = function() {","  return this.range;","};","","Range.prototype.parseRange = function(range) {","  var loose = this.loose;","  range = range.trim();","  debug('range', range, loose);","  // `1.2.3 - 1.2.4` => `>=1.2.3 <=1.2.4`","  var hr = loose ? re[HYPHENRANGELOOSE] : re[HYPHENRANGE];","  range = range.replace(hr, hyphenReplace);","  debug('hyphen replace', range);","  // `> 1.2.3 < 1.2.5` => `>1.2.3 <1.2.5`","  range = range.replace(re[COMPARATORTRIM], comparatorTrimReplace);","  debug('comparator trim', range, re[COMPARATORTRIM]);","","  // `~ 1.2.3` => `~1.2.3`","  range = range.replace(re[TILDETRIM], tildeTrimReplace);","","  // `^ 1.2.3` => `^1.2.3`","  range = range.replace(re[CARETTRIM], caretTrimReplace);","","  // normalize spaces","  range = range.split(/\\s+/).join(' ');","","  // At this point, the range is completely trimmed and","  // ready to be split into comparators.","","  var compRe = loose ? re[COMPARATORLOOSE] : re[COMPARATOR];","  var set = range.split(' ').map(function(comp) {","    return parseComparator(comp, loose);","  }).join(' ').split(/\\s+/);","  if (this.loose) {","    // in loose mode, throw out any that are not valid comparators","    set = set.filter(function(comp) {","      return !!comp.match(compRe);","    });","  }","  set = set.map(function(comp) {","    return new Comparator(comp, loose);","  });","","  return set;","};","","// Mostly just for testing and legacy API reasons","exports.toComparators = toComparators;","function toComparators(range, loose) {","  return new Range(range, loose).set.map(function(comp) {","    return comp.map(function(c) {","      return c.value;","    }).join(' ').trim().split(' ');","  });","}","","// comprised of xranges, tildes, stars, and gtlt's at this point.","// already replaced the hyphen ranges","// turn into a set of JUST comparators.","function parseComparator(comp, loose) {","  debug('comp', comp);","  comp = replaceCarets(comp, loose);","  debug('caret', comp);","  comp = replaceTildes(comp, loose);","  debug('tildes', comp);","  comp = replaceXRanges(comp, loose);","  debug('xrange', comp);","  comp = replaceStars(comp, loose);","  debug('stars', comp);","  return comp;","}","","function isX(id) {","  return !id || id.toLowerCase() === 'x' || id === '*';","}","","// ~, ~> --> * (any, kinda silly)","// ~2, ~2.x, ~2.x.x, ~>2, ~>2.x ~>2.x.x --> >=2.0.0 <3.0.0","// ~2.0, ~2.0.x, ~>2.0, ~>2.0.x --> >=2.0.0 <2.1.0","// ~1.2, ~1.2.x, ~>1.2, ~>1.2.x --> >=1.2.0 <1.3.0","// ~1.2.3, ~>1.2.3 --> >=1.2.3 <1.3.0","// ~1.2.0, ~>1.2.0 --> >=1.2.0 <1.3.0","function replaceTildes(comp, loose) {","  return comp.trim().split(/\\s+/).map(function(comp) {","    return replaceTilde(comp, loose);","  }).join(' ');","}","","function replaceTilde(comp, loose) {","  var r = loose ? re[TILDELOOSE] : re[TILDE];","  return comp.replace(r, function(_, M, m, p, pr) {","    debug('tilde', comp, _, M, m, p, pr);","    var ret;","","    if (isX(M))","      ret = '';","    else if (isX(m))","      ret = '>=' + M + '.0.0 <' + (+M + 1) + '.0.0';","    else if (isX(p))","      // ~1.2 == >=1.2.0 <1.3.0","      ret = '>=' + M + '.' + m + '.0 <' + M + '.' + (+m + 1) + '.0';","    else if (pr) {","      debug('replaceTilde pr', pr);","      if (pr.charAt(0) !== '-')","        pr = '-' + pr;","      ret = '>=' + M + '.' + m + '.' + p + pr +","            ' <' + M + '.' + (+m + 1) + '.0';","    } else","      // ~1.2.3 == >=1.2.3 <1.3.0","      ret = '>=' + M + '.' + m + '.' + p +","            ' <' + M + '.' + (+m + 1) + '.0';","","    debug('tilde return', ret);","    return ret;","  });","}","","// ^ --> * (any, kinda silly)","// ^2, ^2.x, ^2.x.x --> >=2.0.0 <3.0.0","// ^2.0, ^2.0.x --> >=2.0.0 <3.0.0","// ^1.2, ^1.2.x --> >=1.2.0 <2.0.0","// ^1.2.3 --> >=1.2.3 <2.0.0","// ^1.2.0 --> >=1.2.0 <2.0.0","function replaceCarets(comp, loose) {","  return comp.trim().split(/\\s+/).map(function(comp) {","    return replaceCaret(comp, loose);","  }).join(' ');","}","","function replaceCaret(comp, loose) {","  debug('caret', comp, loose);","  var r = loose ? re[CARETLOOSE] : re[CARET];","  return comp.replace(r, function(_, M, m, p, pr) {","    debug('caret', comp, _, M, m, p, pr);","    var ret;","","    if (isX(M))","      ret = '';","    else if (isX(m))","      ret = '>=' + M + '.0.0 <' + (+M + 1) + '.0.0';","    else if (isX(p)) {","      if (M === '0')","        ret = '>=' + M + '.' + m + '.0 <' + M + '.' + (+m + 1) + '.0';","      else","        ret = '>=' + M + '.' + m + '.0 <' + (+M + 1) + '.0.0';","    } else if (pr) {","      debug('replaceCaret pr', pr);","      if (pr.charAt(0) !== '-')","        pr = '-' + pr;","      if (M === '0') {","        if (m === '0')","          ret = '>=' + M + '.' + m + '.' + p + pr +","                ' <' + M + '.' + m + '.' + (+p + 1);","        else","          ret = '>=' + M + '.' + m + '.' + p + pr +","                ' <' + M + '.' + (+m + 1) + '.0';","      } else","        ret = '>=' + M + '.' + m + '.' + p + pr +","              ' <' + (+M + 1) + '.0.0';","    } else {","      debug('no pr');","      if (M === '0') {","        if (m === '0')","          ret = '>=' + M + '.' + m + '.' + p +","                ' <' + M + '.' + m + '.' + (+p + 1);","        else","          ret = '>=' + M + '.' + m + '.' + p +","                ' <' + M + '.' + (+m + 1) + '.0';","      } else","        ret = '>=' + M + '.' + m + '.' + p +","              ' <' + (+M + 1) + '.0.0';","    }","","    debug('caret return', ret);","    return ret;","  });","}","","function replaceXRanges(comp, loose) {","  debug('replaceXRanges', comp, loose);","  return comp.split(/\\s+/).map(function(comp) {","    return replaceXRange(comp, loose);","  }).join(' ');","}","","function replaceXRange(comp, loose) {","  comp = comp.trim();","  var r = loose ? re[XRANGELOOSE] : re[XRANGE];","  return comp.replace(r, function(ret, gtlt, M, m, p, pr) {","    debug('xRange', comp, ret, gtlt, M, m, p, pr);","    var xM = isX(M);","    var xm = xM || isX(m);","    var xp = xm || isX(p);","    var anyX = xp;","","    if (gtlt === '=' && anyX)","      gtlt = '';","","    if (xM) {","      if (gtlt === '>' || gtlt === '<') {","        // nothing is allowed","        ret = '<0.0.0';","      } else {","        // nothing is forbidden","        ret = '*';","      }","    } else if (gtlt && anyX) {","      // replace X with 0","      if (xm)","        m = 0;","      if (xp)","        p = 0;","","      if (gtlt === '>') {","        // >1 => >=2.0.0","        // >1.2 => >=1.3.0","        // >1.2.3 => >= 1.2.4","        gtlt = '>=';","        if (xm) {","          M = +M + 1;","          m = 0;","          p = 0;","        } else if (xp) {","          m = +m + 1;","          p = 0;","        }","      } else if (gtlt === '<=') {","        // <=0.7.x is actually <0.8.0, since any 0.7.x should","        // pass.  Similarly, <=7.x is actually <8.0.0, etc.","        gtlt = '<';","        if (xm)","          M = +M + 1;","        else","          m = +m + 1;","      }","","      ret = gtlt + M + '.' + m + '.' + p;","    } else if (xm) {","      ret = '>=' + M + '.0.0 <' + (+M + 1) + '.0.0';","    } else if (xp) {","      ret = '>=' + M + '.' + m + '.0 <' + M + '.' + (+m + 1) + '.0';","    }","","    debug('xRange return', ret);","","    return ret;","  });","}","","// Because * is AND-ed with everything else in the comparator,","// and '' means \"any version\", just remove the *s entirely.","function replaceStars(comp, loose) {","  debug('replaceStars', comp, loose);","  // Looseness is ignored here.  star is always as loose as it gets!","  return comp.trim().replace(re[STAR], '');","}","","// This function is passed to string.replace(re[HYPHENRANGE])","// M, m, patch, prerelease, build","// 1.2 - 3.4.5 => >=1.2.0 <=3.4.5","// 1.2.3 - 3.4 => >=1.2.0 <3.5.0 Any 3.4.x will do","// 1.2 - 3.4 => >=1.2.0 <3.5.0","function hyphenReplace($0,","                       from, fM, fm, fp, fpr, fb,","                       to, tM, tm, tp, tpr, tb) {","","  if (isX(fM))","    from = '';","  else if (isX(fm))","    from = '>=' + fM + '.0.0';","  else if (isX(fp))","    from = '>=' + fM + '.' + fm + '.0';","  else","    from = '>=' + from;","","  if (isX(tM))","    to = '';","  else if (isX(tm))","    to = '<' + (+tM + 1) + '.0.0';","  else if (isX(tp))","    to = '<' + tM + '.' + (+tm + 1) + '.0';","  else if (tpr)","    to = '<=' + tM + '.' + tm + '.' + tp + '-' + tpr;","  else","    to = '<=' + to;","","  return (from + ' ' + to).trim();","}","","","// if ANY of the sets match ALL of its comparators, then pass","Range.prototype.test = function(version) {","  if (!version)","    return false;","","  if (typeof version === 'string')","    version = new SemVer(version, this.loose);","","  for (var i = 0; i < this.set.length; i++) {","    if (testSet(this.set[i], version))","      return true;","  }","  return false;","};","","function testSet(set, version) {","  for (var i = 0; i < set.length; i++) {","    if (!set[i].test(version))","      return false;","  }","","  if (version.prerelease.length) {","    // Find the set of versions that are allowed to have prereleases","    // For example, ^1.2.3-pr.1 desugars to >=1.2.3-pr.1 <2.0.0","    // That should allow `1.2.3-pr.2` to pass.","    // However, `1.2.4-alpha.notready` should NOT be allowed,","    // even though it's within the range set by the comparators.","    for (var i = 0; i < set.length; i++) {","      debug(set[i].semver);","      if (set[i].semver === ANY)","        continue;","","      if (set[i].semver.prerelease.length > 0) {","        var allowed = set[i].semver;","        if (allowed.major === version.major &&","            allowed.minor === version.minor &&","            allowed.patch === version.patch)","          return true;","      }","    }","","    // Version has a -pre, but it's not one of the ones we like.","    return false;","  }","","  return true;","}","","exports.satisfies = satisfies;","function satisfies(version, range, loose) {","  try {","    range = new Range(range, loose);","  } catch (er) {","    return false;","  }","  return range.test(version);","}","","exports.maxSatisfying = maxSatisfying;","function maxSatisfying(versions, range, loose) {","  return versions.filter(function(version) {","    return satisfies(version, range, loose);","  }).sort(function(a, b) {","    return rcompare(a, b, loose);","  })[0] || null;","}","","exports.minSatisfying = minSatisfying;","function minSatisfying(versions, range, loose) {","  return versions.filter(function(version) {","    return satisfies(version, range, loose);","  }).sort(function(a, b) {","    return compare(a, b, loose);","  })[0] || null;","}","","exports.validRange = validRange;","function validRange(range, loose) {","  try {","    // Return '*' instead of '' so that truthiness works.","    // This will throw if it's invalid anyway","    return new Range(range, loose).range || '*';","  } catch (er) {","    return null;","  }","}","","// Determine if version is less than all the versions possible in the range","exports.ltr = ltr;","function ltr(version, range, loose) {","  return outside(version, range, '<', loose);","}","","// Determine if version is greater than all the versions possible in the range.","exports.gtr = gtr;","function gtr(version, range, loose) {","  return outside(version, range, '>', loose);","}","","exports.outside = outside;","function outside(version, range, hilo, loose) {","  version = new SemVer(version, loose);","  range = new Range(range, loose);","","  var gtfn, ltefn, ltfn, comp, ecomp;","  switch (hilo) {","    case '>':","      gtfn = gt;","      ltefn = lte;","      ltfn = lt;","      comp = '>';","      ecomp = '>=';","      break;","    case '<':","      gtfn = lt;","      ltefn = gte;","      ltfn = gt;","      comp = '<';","      ecomp = '<=';","      break;","    default:","      throw new TypeError('Must provide a hilo val of \"<\" or \">\"');","  }","","  // If it satisifes the range it is not outside","  if (satisfies(version, range, loose)) {","    return false;","  }","","  // From now on, variable terms are as if we're in \"gtr\" mode.","  // but note that everything is flipped for the \"ltr\" function.","","  for (var i = 0; i < range.set.length; ++i) {","    var comparators = range.set[i];","","    var high = null;","    var low = null;","","    comparators.forEach(function(comparator) {","      if (comparator.semver === ANY) {","        comparator = new Comparator('>=0.0.0')","      }","      high = high || comparator;","      low = low || comparator;","      if (gtfn(comparator.semver, high.semver, loose)) {","        high = comparator;","      } else if (ltfn(comparator.semver, low.semver, loose)) {","        low = comparator;","      }","    });","","    // If the edge version comparator has a operator then our version","    // isn't outside it","    if (high.operator === comp || high.operator === ecomp) {","      return false;","    }","","    // If the lowest version comparator has an operator and our version","    // is less than it then it isn't higher than the range","    if ((!low.operator || low.operator === comp) &&","        ltefn(version, low.semver)) {","      return false;","    } else if (low.operator === ecomp && ltfn(version, low.semver)) {","      return false;","    }","  }","  return true;","}","","exports.prerelease = prerelease;","function prerelease(version, loose) {","  var parsed = parse(version, loose);","  return (parsed && parsed.prerelease.length) ? parsed.prerelease : null;","}",""],"l":{"1":1,"4":1,"5":1,"9":0,"10":0,"11":0,"12":0,"15":1,"19":1,"21":1,"22":1,"25":1,"26":1,"27":1,"35":1,"36":1,"37":1,"38":1,"45":1,"46":1,"52":1,"53":1,"57":1,"58":1,"65":1,"66":1,"69":1,"70":1,"78":1,"79":1,"82":1,"83":1,"89":1,"90":1,"96":1,"97":1,"110":1,"111":1,"115":1,"120":1,"124":1,"125":1,"127":1,"128":1,"133":1,"134":1,"135":1,"136":1,"138":1,"139":1,"146":1,"147":1,"154":1,"155":1,"156":1,"157":1,"161":1,"162":1,"164":1,"165":1,"166":1,"167":1,"169":1,"170":1,"171":1,"172":1,"176":1,"177":1,"179":1,"180":1,"181":1,"182":1,"184":1,"185":1,"186":1,"187":1,"190":1,"191":1,"192":1,"193":1,"198":1,"199":1,"203":1,"204":1,"211":1,"212":1,"217":1,"218":1,"224":1,"225":1,"229":1,"230":34,"231":34,"232":31,"235":1,"236":1,"237":0,"238":0,"240":0,"241":0,"243":0,"244":0,"246":0,"247":0,"248":0,"250":0,"251":0,"253":0,"257":1,"258":1,"259":0,"260":0,"264":1,"265":1,"266":0,"267":0,"270":1,"272":1,"273":0,"274":0,"275":0,"277":0,"278":0,"279":0,"282":0,"283":0,"285":0,"286":0,"288":0,"289":0,"290":0,"292":0,"293":0,"295":0,"298":0,"299":0,"300":0,"302":0,"303":0,"305":0,"306":0,"308":0,"309":0,"312":0,"313":0,"315":0,"316":0,"317":0,"318":0,"319":0,"321":0,"324":0,"325":0,"328":1,"329":0,"330":0,"331":0,"332":0,"335":1,"336":0,"339":1,"340":0,"341":0,"342":0,"344":0,"347":1,"348":0,"349":0,"351":0,"356":1,"357":0,"358":0,"361":0,"362":0,"363":0,"364":0,"365":0,"366":0,"368":0,"369":0,"370":0,"371":0,"372":0,"373":0,"374":0,"375":0,"376":0,"377":0,"378":0,"379":0,"380":0,"382":0,"388":1,"389":0,"391":0,"392":0,"393":0,"394":0,"395":0,"396":0,"398":0,"399":0,"400":0,"401":0,"402":0,"407":0,"408":0,"409":0,"410":0,"414":0,"415":0,"416":0,"417":0,"424":0,"425":0,"426":0,"427":0,"428":0,"429":0,"435":0,"436":0,"437":0,"438":0,"439":0,"445":0,"446":0,"447":0,"448":0,"452":0,"453":0,"455":0,"456":0,"457":0,"458":0,"459":0,"462":0,"463":0,"465":0,"468":0,"469":0,"470":0,"472":0,"474":0,"477":0,"479":0,"480":0,"481":0,"484":1,"485":1,"486":0,"487":0,"488":0,"491":0,"492":0,"494":0,"498":1,"499":1,"500":0,"501":0,"503":0,"504":0,"505":0,"506":0,"507":0,"508":0,"509":0,"513":0,"515":0,"516":0,"517":0,"518":0,"525":1,"527":1,"528":1,"529":0,"530":0,"532":0,"533":0,"534":0,"537":0,"544":1,"545":1,"546":0,"549":1,"550":1,"551":0,"554":1,"555":1,"556":0,"559":1,"560":1,"561":0,"564":1,"565":1,"566":0,"569":1,"570":1,"571":0,"574":1,"575":1,"576":0,"579":1,"580":1,"581":0,"582":0,"586":1,"587":1,"588":0,"589":0,"593":1,"594":1,"595":0,"598":1,"599":1,"600":0,"603":1,"604":1,"605":0,"608":1,"609":1,"610":0,"613":1,"614":1,"615":0,"618":1,"619":1,"620":0,"623":1,"624":1,"625":0,"626":0,"628":0,"629":0,"630":0,"631":0,"633":0,"634":0,"635":0,"636":0,"637":0,"638":0,"639":0,"640":0,"641":0,"642":0,"643":0,"645":0,"648":1,"649":1,"650":0,"651":0,"652":0,"654":0,"657":0,"658":0,"660":0,"661":0,"662":0,"664":0,"665":0,"667":0,"669":0,"672":1,"673":1,"674":0,"675":0,"677":0,"678":0,"680":0,"681":0,"682":0,"685":0,"686":0,"688":0,"691":1,"692":0,"695":1,"696":0,"698":0,"699":0,"701":0,"702":0,"704":0,"708":1,"709":1,"710":0,"711":0,"713":0,"714":0,"716":0,"719":0,"720":0,"721":0,"724":0,"727":0,"728":0,"731":0,"734":1,"735":0,"736":0,"738":0,"741":1,"742":0,"745":1,"746":0,"747":0,"748":0,"750":0,"751":0,"752":0,"754":0,"755":0,"758":0,"761":0,"764":0,"769":0,"770":0,"771":0,"773":0,"775":0,"776":0,"779":0,"780":0,"783":0,"787":1,"788":1,"789":0,"790":0,"791":0,"799":1,"800":0,"801":0,"802":0,"803":0,"804":0,"805":0,"806":0,"807":0,"808":0,"809":0,"812":1,"813":0,"822":1,"823":0,"824":0,"828":1,"829":0,"830":0,"831":0,"832":0,"834":0,"835":0,"836":0,"837":0,"838":0,"840":0,"841":0,"842":0,"843":0,"844":0,"845":0,"849":0,"852":0,"853":0,"863":1,"864":0,"865":0,"869":1,"870":0,"871":0,"872":0,"873":0,"874":0,"876":0,"877":0,"878":0,"879":0,"880":0,"881":0,"882":0,"884":0,"885":0,"886":0,"887":0,"888":0,"889":0,"890":0,"891":0,"894":0,"897":0,"900":0,"901":0,"902":0,"903":0,"906":0,"909":0,"913":0,"914":0,"918":1,"919":0,"920":0,"921":0,"925":1,"926":0,"927":0,"928":0,"929":0,"930":0,"931":0,"932":0,"933":0,"935":0,"936":0,"938":0,"939":0,"941":0,"944":0,"946":0,"948":0,"949":0,"950":0,"951":0,"953":0,"957":0,"958":0,"959":0,"960":0,"961":0,"962":0,"963":0,"964":0,"966":0,"969":0,"970":0,"971":0,"973":0,"976":0,"977":0,"978":0,"979":0,"980":0,"983":0,"985":0,"991":1,"992":0,"994":0,"1002":1,"1006":0,"1007":0,"1008":0,"1009":0,"1010":0,"1011":0,"1013":0,"1015":0,"1016":0,"1017":0,"1018":0,"1019":0,"1020":0,"1021":0,"1022":0,"1024":0,"1026":0,"1031":1,"1032":0,"1033":0,"1035":0,"1036":0,"1038":0,"1039":0,"1040":0,"1042":0,"1045":1,"1046":0,"1047":0,"1048":0,"1051":0,"1057":0,"1058":0,"1059":0,"1060":0,"1062":0,"1063":0,"1064":0,"1067":0,"1072":0,"1075":0,"1078":1,"1079":1,"1080":0,"1081":0,"1083":0,"1085":0,"1088":1,"1089":1,"1090":0,"1091":0,"1093":0,"1097":1,"1098":1,"1099":0,"1100":0,"1102":0,"1106":1,"1107":1,"1108":0,"1111":0,"1113":0,"1118":1,"1119":1,"1120":0,"1124":1,"1125":1,"1126":0,"1129":1,"1130":1,"1131":0,"1132":0,"1134":0,"1135":0,"1137":0,"1138":0,"1139":0,"1140":0,"1141":0,"1142":0,"1144":0,"1145":0,"1146":0,"1147":0,"1148":0,"1149":0,"1151":0,"1155":0,"1156":0,"1162":0,"1163":0,"1165":0,"1166":0,"1168":0,"1169":0,"1170":0,"1172":0,"1173":0,"1174":0,"1175":0,"1176":0,"1177":0,"1183":0,"1184":0,"1189":0,"1191":0,"1192":0,"1193":0,"1196":0,"1199":1,"1200":1,"1201":0,"1202":0}}}